[debug] [2023-12-06T21:24:45.688Z] ----------------------------------------------------------------------
[debug] [2023-12-06T21:24:45.690Z] Command:       /home/bluebird/.nvm/versions/node/v16.19.1/bin/node /home/bluebird/.nvm/versions/node/v16.19.1/bin/firebase emulators:start --only functions
[debug] [2023-12-06T21:24:45.691Z] CLI Version:   12.9.1
[debug] [2023-12-06T21:24:45.691Z] Platform:      linux
[debug] [2023-12-06T21:24:45.691Z] Node Version:  v16.19.1
[debug] [2023-12-06T21:24:45.692Z] Time:          Wed Dec 06 2023 16:24:45 GMT-0500 (Eastern Standard Time)
[debug] [2023-12-06T21:24:45.692Z] ----------------------------------------------------------------------
[debug] 
[debug] [2023-12-06T21:24:45.781Z] > command requires scopes: ["email","openid","https://www.googleapis.com/auth/cloudplatformprojects.readonly","https://www.googleapis.com/auth/firebase","https://www.googleapis.com/auth/cloud-platform"]
[debug] [2023-12-06T21:24:45.782Z] > authorizing via signed-in user (neverdream9106@gmail.com)
[info] i  emulators: Starting emulators: functions {"metadata":{"emulator":{"name":"hub"},"message":"Starting emulators: functions"}}
[debug] [2023-12-06T21:24:45.787Z] [logging] Logging Emulator only supports listening on one address (127.0.0.1). Not listening on ::1
[debug] [2023-12-06T21:24:45.788Z] assigned listening specs for emulators {"user":{"hub":[{"address":"127.0.0.1","family":"IPv4","port":4400},{"address":"::1","family":"IPv6","port":4400}],"ui":[{"address":"127.0.0.1","family":"IPv4","port":4000},{"address":"::1","family":"IPv6","port":4000}],"logging":[{"address":"127.0.0.1","family":"IPv4","port":4500}]},"metadata":{"message":"assigned listening specs for emulators"}}
[debug] [2023-12-06T21:24:45.794Z] [hub] writing locator at /tmp/hub-calculator-49ac2.json
[debug] [2023-12-06T21:24:45.812Z] [functions] Functions Emulator only supports listening on one address (127.0.0.1). Not listening on ::1
[debug] [2023-12-06T21:24:45.813Z] [eventarc] Eventarc Emulator only supports listening on one address (127.0.0.1). Not listening on ::1
[debug] [2023-12-06T21:24:45.813Z] late-assigned ports for functions and eventarc emulators {"user":{"hub":[{"address":"127.0.0.1","family":"IPv4","port":4400},{"address":"::1","family":"IPv6","port":4400}],"ui":[{"address":"127.0.0.1","family":"IPv4","port":4000},{"address":"::1","family":"IPv6","port":4000}],"logging":[{"address":"127.0.0.1","family":"IPv4","port":4500}],"functions":[{"address":"127.0.0.1","family":"IPv4","port":5001}],"eventarc":[{"address":"127.0.0.1","family":"IPv4","port":9299}]},"metadata":{"message":"late-assigned ports for functions and eventarc emulators"}}
[warn] ⚠  functions: The following emulators are not running, calls to these services from the Functions emulator will affect production: auth, firestore, database, hosting, pubsub, storage {"metadata":{"emulator":{"name":"functions"},"message":"The following emulators are not running, calls to these services from the Functions emulator will affect production: \u001b[1mauth, firestore, database, hosting, pubsub, storage\u001b[22m"}}
[debug] [2023-12-06T21:24:45.820Z] defaultcredentials: writing to file /home/bluebird/.config/firebase/neverdream9106_gmail_com_application_default_credentials.json
[debug] [2023-12-06T21:24:45.822Z] Setting GAC to /home/bluebird/.config/firebase/neverdream9106_gmail_com_application_default_credentials.json {"metadata":{"emulator":{"name":"functions"},"message":"Setting GAC to /home/bluebird/.config/firebase/neverdream9106_gmail_com_application_default_credentials.json"}}
[debug] [2023-12-06T21:24:45.824Z] >>> [apiv2][query] GET https://firebase.googleapis.com/v1beta1/projects/calculator-49ac2/adminSdkConfig [none]
[debug] [2023-12-06T21:24:47.653Z] <<< [apiv2][status] GET https://firebase.googleapis.com/v1beta1/projects/calculator-49ac2/adminSdkConfig 200
[debug] [2023-12-06T21:24:47.653Z] <<< [apiv2][body] GET https://firebase.googleapis.com/v1beta1/projects/calculator-49ac2/adminSdkConfig {"projectId":"calculator-49ac2","databaseURL":"https://calculator-49ac2-default-rtdb.firebaseio.com","storageBucket":"calculator-49ac2.appspot.com"}
[debug] [2023-12-06T21:24:47.664Z] Ignoring unsupported arg: auto_download {"metadata":{"emulator":{"name":"ui"},"message":"Ignoring unsupported arg: auto_download"}}
[debug] [2023-12-06T21:24:47.664Z] Ignoring unsupported arg: port {"metadata":{"emulator":{"name":"ui"},"message":"Ignoring unsupported arg: port"}}
[debug] [2023-12-06T21:24:47.664Z] Starting Emulator UI with command {"binary":"node","args":["/home/bluebird/.cache/firebase/emulators/ui-v1.11.7/server/server.js"],"optionalArgs":[],"joinArgs":false} {"metadata":{"emulator":{"name":"ui"},"message":"Starting Emulator UI with command {\"binary\":\"node\",\"args\":[\"/home/bluebird/.cache/firebase/emulators/ui-v1.11.7/server/server.js\"],\"optionalArgs\":[],\"joinArgs\":false}"}}
[info] i  ui: Emulator UI logging to ui-debug.log {"metadata":{"emulator":{"name":"ui"},"message":"Emulator UI logging to \u001b[1mui-debug.log\u001b[22m"}}
[debug] [2023-12-06T21:24:47.775Z] Web / API server started at 127.0.0.1:4000
 {"metadata":{"emulator":{"name":"ui"},"message":"Web / API server started at 127.0.0.1:4000\n"}}
[debug] [2023-12-06T21:24:47.775Z] Web / API server started at ::1:4000
 {"metadata":{"emulator":{"name":"ui"},"message":"Web / API server started at ::1:4000\n"}}
[info] i  functions: Watching "/home/bluebird/Test/calculator/functions" for Cloud Functions... {"metadata":{"emulator":{"name":"functions"},"message":"Watching \"/home/bluebird/Test/calculator/functions\" for Cloud Functions..."}}
[debug] [2023-12-06T21:24:47.935Z] Validating nodejs source
[debug] [2023-12-06T21:24:49.971Z] > [functions] package.json contents: {
  "name": "functions",
  "scripts": {
    "lint": "eslint --ext .js,.ts .",
    "build": "tsc",
    "build:watch": "tsc --watch",
    "serve": "npm run build && firebase emulators:start --only functions",
    "shell": "npm run build && firebase functions:shell",
    "start": "npm run shell",
    "deploy": "firebase deploy --only functions",
    "logs": "firebase functions:log"
  },
  "engines": {
    "node": "18"
  },
  "main": "lib/index.js",
  "dependencies": {
    "firebase-admin": "^11.8.0",
    "firebase-functions": "^4.3.1"
  },
  "devDependencies": {
    "@typescript-eslint/eslint-plugin": "^5.12.0",
    "@typescript-eslint/parser": "^5.12.0",
    "eslint": "^8.9.0",
    "eslint-config-google": "^0.14.0",
    "eslint-plugin-import": "^2.25.4",
    "firebase-functions-test": "^3.1.0",
    "typescript": "^4.9.0"
  },
  "private": true
}
[debug] [2023-12-06T21:24:49.971Z] Building nodejs source
[debug] [2023-12-06T21:24:49.971Z] Failed to find version of module node: reached end of search path /home/bluebird/Test/calculator/functions/node_modules
[warn] ⚠  functions: Your requested "node" version "18" doesn't match your global version "16". Using node@16 from host. 
[debug] [2023-12-06T21:24:49.974Z] Could not find functions.yaml. Must use http discovery
[debug] [2023-12-06T21:24:49.977Z] Found firebase-functions binary at '/home/bluebird/Test/calculator/functions/node_modules/.bin/firebase-functions'
[info] Serving at port 8212

[debug] [2023-12-06T21:24:50.219Z] Got response from /__/functions.yaml {"endpoints":{"add":{"availableMemoryMb":null,"timeoutSeconds":null,"minInstances":null,"maxInstances":null,"ingressSettings":null,"concurrency":null,"serviceAccountEmail":null,"vpc":null,"platform":"gcfv2","labels":{},"httpsTrigger":{},"entryPoint":"add"},"deduction":{"availableMemoryMb":null,"timeoutSeconds":null,"minInstances":null,"maxInstances":null,"ingressSettings":null,"concurrency":null,"serviceAccountEmail":null,"vpc":null,"platform":"gcfv2","labels":{},"httpsTrigger":{},"entryPoint":"deduction"},"multiply":{"availableMemoryMb":null,"timeoutSeconds":null,"minInstances":null,"maxInstances":null,"ingressSettings":null,"concurrency":null,"serviceAccountEmail":null,"vpc":null,"platform":"gcfv2","labels":{},"httpsTrigger":{},"entryPoint":"multiply"},"divide":{"availableMemoryMb":null,"timeoutSeconds":null,"minInstances":null,"maxInstances":null,"ingressSettings":null,"concurrency":null,"serviceAccountEmail":null,"vpc":null,"platform":"gcfv2","labels":{},"httpsTrigger":{},"entryPoint":"divide"}},"specVersion":"v1alpha1","requiredAPIs":[]}
[info] ✔  functions: Loaded functions definitions from source: add, deduction, multiply, divide. {"metadata":{"emulator":{"name":"functions"},"message":"Loaded functions definitions from source: add, deduction, multiply, divide."}}
[info] ✔  functions[us-central1-add]: http function initialized (http://127.0.0.1:5001/calculator-49ac2/us-central1/add). {"metadata":{"emulator":{"name":"functions"},"message":"\u001b[1mhttp\u001b[22m function initialized (http://127.0.0.1:5001/calculator-49ac2/us-central1/add)."}}
[info] ✔  functions[us-central1-deduction]: http function initialized (http://127.0.0.1:5001/calculator-49ac2/us-central1/deduction). {"metadata":{"emulator":{"name":"functions"},"message":"\u001b[1mhttp\u001b[22m function initialized (http://127.0.0.1:5001/calculator-49ac2/us-central1/deduction)."}}
[info] ✔  functions[us-central1-multiply]: http function initialized (http://127.0.0.1:5001/calculator-49ac2/us-central1/multiply). {"metadata":{"emulator":{"name":"functions"},"message":"\u001b[1mhttp\u001b[22m function initialized (http://127.0.0.1:5001/calculator-49ac2/us-central1/multiply)."}}
[info] ✔  functions[us-central1-divide]: http function initialized (http://127.0.0.1:5001/calculator-49ac2/us-central1/divide). {"metadata":{"emulator":{"name":"functions"},"message":"\u001b[1mhttp\u001b[22m function initialized (http://127.0.0.1:5001/calculator-49ac2/us-central1/divide)."}}
[info] 
┌─────────────────────────────────────────────────────────────┐
│ ✔  All emulators ready! It is now safe to connect your app. │
│ i  View Emulator UI at http://127.0.0.1:4000/               │
└─────────────────────────────────────────────────────────────┘

┌───────────┬────────────────┬─────────────────────────────────┐
│ Emulator  │ Host:Port      │ View in Emulator UI             │
├───────────┼────────────────┼─────────────────────────────────┤
│ Functions │ 127.0.0.1:5001 │ http://127.0.0.1:4000/functions │
└───────────┴────────────────┴─────────────────────────────────┘
  Emulator Hub running at 127.0.0.1:4400
  Other reserved ports: 4500

Issues? Report them at https://github.com/firebase/firebase-tools/issues and attach the *-debug.log files.
 
[debug] [2023-12-06T21:42:05.492Z] [work-queue] {"queuedWork":["/calculator-49ac2/us-central1/add-2023-12-06T21:42:05.492Z"],"queueLength":1,"runningWork":[],"workRunningCount":0}
[debug] [2023-12-06T21:42:05.493Z] [work-queue] {"queuedWork":[],"queueLength":0,"runningWork":["/calculator-49ac2/us-central1/add-2023-12-06T21:42:05.492Z"],"workRunningCount":1}
[debug] [2023-12-06T21:42:05.493Z] Accepted request OPTIONS /calculator-49ac2/us-central1/add --> us-central1-add
[debug] [2023-12-06T21:42:05.495Z] [functions] Runtime ready! Sending request! {"metadata":{"emulator":{"name":"functions"},"message":"[functions] Runtime ready! Sending request!"}}
[debug] [2023-12-06T21:42:05.496Z] [functions] Got req.url=/calculator-49ac2/us-central1/add, mapping to path=/ {"metadata":{"emulator":{"name":"functions"},"message":"[functions] Got req.url=/calculator-49ac2/us-central1/add, mapping to path=/"}}
[debug] [2023-12-06T21:42:05.508Z] [worker-pool] addWorker(us-central1-add) {"metadata":{"emulator":{"name":"functions"},"message":"[worker-pool] addWorker(us-central1-add)"}}
[debug] [2023-12-06T21:42:05.509Z] [worker-pool] Adding worker with key us-central1-add, total=1 {"metadata":{"emulator":{"name":"functions"},"message":"[worker-pool] Adding worker with key us-central1-add, total=1"}}
[debug] [2023-12-06T21:42:06.269Z] [runtime-status] [26605] Resolved module firebase-admin {"declared":true,"installed":true,"version":"11.11.1","resolution":"/home/bluebird/Test/calculator/functions/node_modules/firebase-admin/lib/index.js"} {"metadata":{"emulator":{"name":"functions"},"function":{"name":"us-central1-add"},"extension":{},"message":"[runtime-status] [26605] Resolved module firebase-admin {\"declared\":true,\"installed\":true,\"version\":\"11.11.1\",\"resolution\":\"/home/bluebird/Test/calculator/functions/node_modules/firebase-admin/lib/index.js\"}"}}
[debug] [2023-12-06T21:42:06.270Z] [runtime-status] [26605] Resolved module firebase-functions {"declared":true,"installed":true,"version":"4.5.0","resolution":"/home/bluebird/Test/calculator/functions/node_modules/firebase-functions/lib/v1/index.js"} {"metadata":{"emulator":{"name":"functions"},"function":{"name":"us-central1-add"},"extension":{},"message":"[runtime-status] [26605] Resolved module firebase-functions {\"declared\":true,\"installed\":true,\"version\":\"4.5.0\",\"resolution\":\"/home/bluebird/Test/calculator/functions/node_modules/firebase-functions/lib/v1/index.js\"}"}}
[debug] [2023-12-06T21:42:06.271Z] [runtime-status] [26605] Outgoing network have been stubbed. [{"name":"http","status":"mocked"},{"name":"http","status":"mocked"},{"name":"https","status":"mocked"},{"name":"https","status":"mocked"},{"name":"net","status":"mocked"}] {"metadata":{"emulator":{"name":"functions"},"function":{"name":"us-central1-add"},"extension":{},"message":"[runtime-status] [26605] Outgoing network have been stubbed. [{\"name\":\"http\",\"status\":\"mocked\"},{\"name\":\"http\",\"status\":\"mocked\"},{\"name\":\"https\",\"status\":\"mocked\"},{\"name\":\"https\",\"status\":\"mocked\"},{\"name\":\"net\",\"status\":\"mocked\"}]"}}
[debug] [2023-12-06T21:42:06.271Z] [runtime-status] [26605] Resolved module firebase-functions {"declared":true,"installed":true,"version":"4.5.0","resolution":"/home/bluebird/Test/calculator/functions/node_modules/firebase-functions/lib/v1/index.js"} {"metadata":{"emulator":{"name":"functions"},"function":{"name":"us-central1-add"},"extension":{},"message":"[runtime-status] [26605] Resolved module firebase-functions {\"declared\":true,\"installed\":true,\"version\":\"4.5.0\",\"resolution\":\"/home/bluebird/Test/calculator/functions/node_modules/firebase-functions/lib/v1/index.js\"}"}}
[debug] [2023-12-06T21:42:06.875Z] [runtime-status] [26605] Checked functions.config() {"config":{}} {"metadata":{"emulator":{"name":"functions"},"function":{"name":"us-central1-add"},"extension":{},"message":"[runtime-status] [26605] Checked functions.config() {\"config\":{}}"}}
[debug] [2023-12-06T21:42:06.875Z] [runtime-status] [26605] firebase-functions has been stubbed. {"functionsResolution":{"declared":true,"installed":true,"version":"4.5.0","resolution":"/home/bluebird/Test/calculator/functions/node_modules/firebase-functions/lib/v1/index.js"}} {"metadata":{"emulator":{"name":"functions"},"function":{"name":"us-central1-add"},"extension":{},"message":"[runtime-status] [26605] firebase-functions has been stubbed. {\"functionsResolution\":{\"declared\":true,\"installed\":true,\"version\":\"4.5.0\",\"resolution\":\"/home/bluebird/Test/calculator/functions/node_modules/firebase-functions/lib/v1/index.js\"}}"}}
[debug] [2023-12-06T21:42:06.876Z] [runtime-status] [26605] Resolved module firebase-functions {"declared":true,"installed":true,"version":"4.5.0","resolution":"/home/bluebird/Test/calculator/functions/node_modules/firebase-functions/lib/v1/index.js"} {"metadata":{"emulator":{"name":"functions"},"function":{"name":"us-central1-add"},"extension":{},"message":"[runtime-status] [26605] Resolved module firebase-functions {\"declared\":true,\"installed\":true,\"version\":\"4.5.0\",\"resolution\":\"/home/bluebird/Test/calculator/functions/node_modules/firebase-functions/lib/v1/index.js\"}"}}
[debug] [2023-12-06T21:42:06.877Z] [runtime-status] [26605] Resolved module firebase-admin {"declared":true,"installed":true,"version":"11.11.1","resolution":"/home/bluebird/Test/calculator/functions/node_modules/firebase-admin/lib/index.js"} {"metadata":{"emulator":{"name":"functions"},"function":{"name":"us-central1-add"},"extension":{},"message":"[runtime-status] [26605] Resolved module firebase-admin {\"declared\":true,\"installed\":true,\"version\":\"11.11.1\",\"resolution\":\"/home/bluebird/Test/calculator/functions/node_modules/firebase-admin/lib/index.js\"}"}}
[debug] [2023-12-06T21:42:06.888Z] [runtime-status] [26605] Resolved module firebase-functions {"declared":true,"installed":true,"version":"4.5.0","resolution":"/home/bluebird/Test/calculator/functions/node_modules/firebase-functions/lib/v1/index.js"} {"metadata":{"emulator":{"name":"functions"},"function":{"name":"us-central1-add"},"extension":{},"message":"[runtime-status] [26605] Resolved module firebase-functions {\"declared\":true,\"installed\":true,\"version\":\"4.5.0\",\"resolution\":\"/home/bluebird/Test/calculator/functions/node_modules/firebase-functions/lib/v1/index.js\"}"}}
[debug] [2023-12-06T21:42:06.889Z] [runtime-status] [26605] firebase-admin has been stubbed. {"adminResolution":{"declared":true,"installed":true,"version":"11.11.1","resolution":"/home/bluebird/Test/calculator/functions/node_modules/firebase-admin/lib/index.js"}} {"metadata":{"emulator":{"name":"functions"},"function":{"name":"us-central1-add"},"extension":{},"message":"[runtime-status] [26605] firebase-admin has been stubbed. {\"adminResolution\":{\"declared\":true,\"installed\":true,\"version\":\"11.11.1\",\"resolution\":\"/home/bluebird/Test/calculator/functions/node_modules/firebase-admin/lib/index.js\"}}"}}
[debug] [2023-12-06T21:42:06.949Z] [runtime-status] [26605] Functions runtime initialized. {"cwd":"/home/bluebird/Test/calculator/functions","node_version":"16.19.1"} {"metadata":{"emulator":{"name":"functions"},"function":{"name":"us-central1-add"},"extension":{},"message":"[runtime-status] [26605] Functions runtime initialized. {\"cwd\":\"/home/bluebird/Test/calculator/functions\",\"node_version\":\"16.19.1\"}"}}
[debug] [2023-12-06T21:42:06.950Z] [runtime-status] [26605] Listening to port: /tmp/fire_emu_8b0e3c06d483c3a4.sock {"metadata":{"emulator":{"name":"functions"},"function":{"name":"us-central1-add"},"extension":{},"message":"[runtime-status] [26605] Listening to port: /tmp/fire_emu_8b0e3c06d483c3a4.sock"}}
[debug] [2023-12-06T21:42:07.032Z] [worker-us-central1-add-372b0078-f005-4f0e-a55a-8c5dfb0922eb]: IDLE {"metadata":{"emulator":{"name":"functions"},"function":{"name":"us-central1-add"},"extension":{},"message":"[worker-us-central1-add-372b0078-f005-4f0e-a55a-8c5dfb0922eb]: IDLE"}}
[debug] [2023-12-06T21:42:07.033Z] [worker-pool] submitRequest(triggerId=us-central1-add) {"metadata":{"emulator":{"name":"functions"},"message":"[worker-pool] submitRequest(triggerId=us-central1-add)"}}
[info] i  functions: Beginning execution of "us-central1-add" {"metadata":{"emulator":{"name":"functions"},"function":{"name":"us-central1-add"},"extension":{},"message":"Beginning execution of \"us-central1-add\""}}
[debug] [2023-12-06T21:42:07.033Z] [worker-us-central1-add-372b0078-f005-4f0e-a55a-8c5dfb0922eb]: BUSY {"metadata":{"emulator":{"name":"functions"},"function":{"name":"us-central1-add"},"extension":{},"message":"[worker-us-central1-add-372b0078-f005-4f0e-a55a-8c5dfb0922eb]: BUSY"}}
[debug] [2023-12-06T21:42:07.039Z] Finishing up request with event=pause {"metadata":{"emulator":{"name":"functions"},"function":{"name":"us-central1-add"},"extension":{},"message":"Finishing up request with event=pause"}}
[info] i  functions: Finished "us-central1-add" in 5.895ms {"metadata":{"emulator":{"name":"functions"},"function":{"name":"us-central1-add"},"extension":{},"message":"Finished \"us-central1-add\" in 5.895ms"}}
[debug] [2023-12-06T21:42:07.040Z] [worker-us-central1-add-372b0078-f005-4f0e-a55a-8c5dfb0922eb]: IDLE {"metadata":{"emulator":{"name":"functions"},"function":{"name":"us-central1-add"},"extension":{},"message":"[worker-us-central1-add-372b0078-f005-4f0e-a55a-8c5dfb0922eb]: IDLE"}}
[debug] [2023-12-06T21:42:07.040Z] Finishing up request with event=finish {"metadata":{"emulator":{"name":"functions"},"function":{"name":"us-central1-add"},"extension":{},"message":"Finishing up request with event=finish"}}
[debug] [2023-12-06T21:42:07.040Z] Finishing up request with event=close {"metadata":{"emulator":{"name":"functions"},"function":{"name":"us-central1-add"},"extension":{},"message":"Finishing up request with event=close"}}
[debug] [2023-12-06T21:42:07.040Z] [work-queue] {"queuedWork":[],"queueLength":0,"runningWork":[],"workRunningCount":0}
[debug] [2023-12-06T21:42:07.044Z] [work-queue] {"queuedWork":["/calculator-49ac2/us-central1/add-2023-12-06T21:42:07.044Z"],"queueLength":1,"runningWork":[],"workRunningCount":0}
[debug] [2023-12-06T21:42:07.044Z] [work-queue] {"queuedWork":[],"queueLength":0,"runningWork":["/calculator-49ac2/us-central1/add-2023-12-06T21:42:07.044Z"],"workRunningCount":1}
[debug] [2023-12-06T21:42:07.044Z] Accepted request POST /calculator-49ac2/us-central1/add --> us-central1-add
[debug] [2023-12-06T21:42:07.046Z] [functions] Runtime ready! Sending request! {"metadata":{"emulator":{"name":"functions"},"message":"[functions] Runtime ready! Sending request!"}}
[debug] [2023-12-06T21:42:07.046Z] [functions] Got req.url=/calculator-49ac2/us-central1/add, mapping to path=/ {"metadata":{"emulator":{"name":"functions"},"message":"[functions] Got req.url=/calculator-49ac2/us-central1/add, mapping to path=/"}}
[debug] [2023-12-06T21:42:07.046Z] [worker-pool] submitRequest(triggerId=us-central1-add) {"metadata":{"emulator":{"name":"functions"},"message":"[worker-pool] submitRequest(triggerId=us-central1-add)"}}
[info] i  functions: Beginning execution of "us-central1-add" {"metadata":{"emulator":{"name":"functions"},"function":{"name":"us-central1-add"},"extension":{},"message":"Beginning execution of \"us-central1-add\""}}
[debug] [2023-12-06T21:42:07.047Z] [worker-us-central1-add-372b0078-f005-4f0e-a55a-8c5dfb0922eb]: BUSY {"metadata":{"emulator":{"name":"functions"},"function":{"name":"us-central1-add"},"extension":{},"message":"[worker-us-central1-add-372b0078-f005-4f0e-a55a-8c5dfb0922eb]: BUSY"}}
[info] >  from is  USD {"user":"from is  USD","metadata":{"emulator":{"name":"functions"},"function":{"name":"us-central1-add"},"extension":{},"message":"\u001b[90m> \u001b[39m from is  USD"}}
[info] >  to is  EUR {"user":"to is  EUR","metadata":{"emulator":{"name":"functions"},"function":{"name":"us-central1-add"},"extension":{},"message":"\u001b[90m> \u001b[39m to is  EUR"}}
[info] >  rate is  0.92641675 {"user":"rate is  0.92641675","metadata":{"emulator":{"name":"functions"},"function":{"name":"us-central1-add"},"extension":{},"message":"\u001b[90m> \u001b[39m rate is  0.92641675"}}
[debug] [2023-12-06T21:42:07.123Z] Finishing up request with event=pause {"metadata":{"emulator":{"name":"functions"},"function":{"name":"us-central1-add"},"extension":{},"message":"Finishing up request with event=pause"}}
[info] i  functions: Finished "us-central1-add" in 76.331257ms {"metadata":{"emulator":{"name":"functions"},"function":{"name":"us-central1-add"},"extension":{},"message":"Finished \"us-central1-add\" in 76.331257ms"}}
[debug] [2023-12-06T21:42:07.124Z] [worker-us-central1-add-372b0078-f005-4f0e-a55a-8c5dfb0922eb]: IDLE {"metadata":{"emulator":{"name":"functions"},"function":{"name":"us-central1-add"},"extension":{},"message":"[worker-us-central1-add-372b0078-f005-4f0e-a55a-8c5dfb0922eb]: IDLE"}}
[debug] [2023-12-06T21:42:07.124Z] Finishing up request with event=finish {"metadata":{"emulator":{"name":"functions"},"function":{"name":"us-central1-add"},"extension":{},"message":"Finishing up request with event=finish"}}
[debug] [2023-12-06T21:42:07.124Z] Finishing up request with event=close {"metadata":{"emulator":{"name":"functions"},"function":{"name":"us-central1-add"},"extension":{},"message":"Finishing up request with event=close"}}
[debug] [2023-12-06T21:42:07.124Z] [work-queue] {"queuedWork":[],"queueLength":0,"runningWork":[],"workRunningCount":0}
[debug] [2023-12-06T21:43:03.994Z] [work-queue] {"queuedWork":["/calculator-49ac2/us-central1/add-2023-12-06T21:43:03.994Z"],"queueLength":1,"runningWork":[],"workRunningCount":0}
[debug] [2023-12-06T21:43:03.995Z] [work-queue] {"queuedWork":[],"queueLength":0,"runningWork":["/calculator-49ac2/us-central1/add-2023-12-06T21:43:03.994Z"],"workRunningCount":1}
[debug] [2023-12-06T21:43:03.995Z] Accepted request OPTIONS /calculator-49ac2/us-central1/add --> us-central1-add
[debug] [2023-12-06T21:43:03.996Z] [functions] Runtime ready! Sending request! {"metadata":{"emulator":{"name":"functions"},"message":"[functions] Runtime ready! Sending request!"}}
[debug] [2023-12-06T21:43:03.996Z] [functions] Got req.url=/calculator-49ac2/us-central1/add, mapping to path=/ {"metadata":{"emulator":{"name":"functions"},"message":"[functions] Got req.url=/calculator-49ac2/us-central1/add, mapping to path=/"}}
[debug] [2023-12-06T21:43:03.997Z] [worker-pool] submitRequest(triggerId=us-central1-add) {"metadata":{"emulator":{"name":"functions"},"message":"[worker-pool] submitRequest(triggerId=us-central1-add)"}}
[info] i  functions: Beginning execution of "us-central1-add" {"metadata":{"emulator":{"name":"functions"},"function":{"name":"us-central1-add"},"extension":{},"message":"Beginning execution of \"us-central1-add\""}}
[debug] [2023-12-06T21:43:03.997Z] [worker-us-central1-add-372b0078-f005-4f0e-a55a-8c5dfb0922eb]: BUSY {"metadata":{"emulator":{"name":"functions"},"function":{"name":"us-central1-add"},"extension":{},"message":"[worker-us-central1-add-372b0078-f005-4f0e-a55a-8c5dfb0922eb]: BUSY"}}
[debug] [2023-12-06T21:43:04.002Z] Finishing up request with event=pause {"metadata":{"emulator":{"name":"functions"},"function":{"name":"us-central1-add"},"extension":{},"message":"Finishing up request with event=pause"}}
[info] i  functions: Finished "us-central1-add" in 4.657073ms {"metadata":{"emulator":{"name":"functions"},"function":{"name":"us-central1-add"},"extension":{},"message":"Finished \"us-central1-add\" in 4.657073ms"}}
[debug] [2023-12-06T21:43:04.003Z] [worker-us-central1-add-372b0078-f005-4f0e-a55a-8c5dfb0922eb]: IDLE {"metadata":{"emulator":{"name":"functions"},"function":{"name":"us-central1-add"},"extension":{},"message":"[worker-us-central1-add-372b0078-f005-4f0e-a55a-8c5dfb0922eb]: IDLE"}}
[debug] [2023-12-06T21:43:04.003Z] Finishing up request with event=finish {"metadata":{"emulator":{"name":"functions"},"function":{"name":"us-central1-add"},"extension":{},"message":"Finishing up request with event=finish"}}
[debug] [2023-12-06T21:43:04.004Z] Finishing up request with event=close {"metadata":{"emulator":{"name":"functions"},"function":{"name":"us-central1-add"},"extension":{},"message":"Finishing up request with event=close"}}
[debug] [2023-12-06T21:43:04.004Z] [work-queue] {"queuedWork":[],"queueLength":0,"runningWork":[],"workRunningCount":0}
[debug] [2023-12-06T21:43:04.006Z] [work-queue] {"queuedWork":["/calculator-49ac2/us-central1/add-2023-12-06T21:43:04.006Z"],"queueLength":1,"runningWork":[],"workRunningCount":0}
[debug] [2023-12-06T21:43:04.007Z] [work-queue] {"queuedWork":[],"queueLength":0,"runningWork":["/calculator-49ac2/us-central1/add-2023-12-06T21:43:04.006Z"],"workRunningCount":1}
[debug] [2023-12-06T21:43:04.007Z] Accepted request POST /calculator-49ac2/us-central1/add --> us-central1-add
[debug] [2023-12-06T21:43:04.008Z] [functions] Runtime ready! Sending request! {"metadata":{"emulator":{"name":"functions"},"message":"[functions] Runtime ready! Sending request!"}}
[debug] [2023-12-06T21:43:04.008Z] [functions] Got req.url=/calculator-49ac2/us-central1/add, mapping to path=/ {"metadata":{"emulator":{"name":"functions"},"message":"[functions] Got req.url=/calculator-49ac2/us-central1/add, mapping to path=/"}}
[debug] [2023-12-06T21:43:04.008Z] [worker-pool] submitRequest(triggerId=us-central1-add) {"metadata":{"emulator":{"name":"functions"},"message":"[worker-pool] submitRequest(triggerId=us-central1-add)"}}
[info] i  functions: Beginning execution of "us-central1-add" {"metadata":{"emulator":{"name":"functions"},"function":{"name":"us-central1-add"},"extension":{},"message":"Beginning execution of \"us-central1-add\""}}
[debug] [2023-12-06T21:43:04.009Z] [worker-us-central1-add-372b0078-f005-4f0e-a55a-8c5dfb0922eb]: BUSY {"metadata":{"emulator":{"name":"functions"},"function":{"name":"us-central1-add"},"extension":{},"message":"[worker-us-central1-add-372b0078-f005-4f0e-a55a-8c5dfb0922eb]: BUSY"}}
[info] >  from is  USD {"user":"from is  USD","metadata":{"emulator":{"name":"functions"},"function":{"name":"us-central1-add"},"extension":{},"message":"\u001b[90m> \u001b[39m from is  USD"}}
[info] >  to is  EUR {"user":"to is  EUR","metadata":{"emulator":{"name":"functions"},"function":{"name":"us-central1-add"},"extension":{},"message":"\u001b[90m> \u001b[39m to is  EUR"}}
[info] >  rate is  0.92641675 {"user":"rate is  0.92641675","metadata":{"emulator":{"name":"functions"},"function":{"name":"us-central1-add"},"extension":{},"message":"\u001b[90m> \u001b[39m rate is  0.92641675"}}
[debug] [2023-12-06T21:43:04.016Z] Finishing up request with event=pause {"metadata":{"emulator":{"name":"functions"},"function":{"name":"us-central1-add"},"extension":{},"message":"Finishing up request with event=pause"}}
[info] i  functions: Finished "us-central1-add" in 7.558118ms {"metadata":{"emulator":{"name":"functions"},"function":{"name":"us-central1-add"},"extension":{},"message":"Finished \"us-central1-add\" in 7.558118ms"}}
[debug] [2023-12-06T21:43:04.017Z] [worker-us-central1-add-372b0078-f005-4f0e-a55a-8c5dfb0922eb]: IDLE {"metadata":{"emulator":{"name":"functions"},"function":{"name":"us-central1-add"},"extension":{},"message":"[worker-us-central1-add-372b0078-f005-4f0e-a55a-8c5dfb0922eb]: IDLE"}}
[debug] [2023-12-06T21:43:04.017Z] Finishing up request with event=finish {"metadata":{"emulator":{"name":"functions"},"function":{"name":"us-central1-add"},"extension":{},"message":"Finishing up request with event=finish"}}
[debug] [2023-12-06T21:43:04.017Z] Finishing up request with event=close {"metadata":{"emulator":{"name":"functions"},"function":{"name":"us-central1-add"},"extension":{},"message":"Finishing up request with event=close"}}
[debug] [2023-12-06T21:43:04.017Z] [work-queue] {"queuedWork":[],"queueLength":0,"runningWork":[],"workRunningCount":0}
[debug] [2023-12-06T21:44:06.142Z] [work-queue] {"queuedWork":["/calculator-49ac2/us-central1/add-2023-12-06T21:44:06.142Z"],"queueLength":1,"runningWork":[],"workRunningCount":0}
[debug] [2023-12-06T21:44:06.142Z] [work-queue] {"queuedWork":[],"queueLength":0,"runningWork":["/calculator-49ac2/us-central1/add-2023-12-06T21:44:06.142Z"],"workRunningCount":1}
[debug] [2023-12-06T21:44:06.142Z] Accepted request OPTIONS /calculator-49ac2/us-central1/add --> us-central1-add
[debug] [2023-12-06T21:44:06.144Z] [functions] Runtime ready! Sending request! {"metadata":{"emulator":{"name":"functions"},"message":"[functions] Runtime ready! Sending request!"}}
[debug] [2023-12-06T21:44:06.144Z] [functions] Got req.url=/calculator-49ac2/us-central1/add, mapping to path=/ {"metadata":{"emulator":{"name":"functions"},"message":"[functions] Got req.url=/calculator-49ac2/us-central1/add, mapping to path=/"}}
[debug] [2023-12-06T21:44:06.144Z] [worker-pool] submitRequest(triggerId=us-central1-add) {"metadata":{"emulator":{"name":"functions"},"message":"[worker-pool] submitRequest(triggerId=us-central1-add)"}}
[info] i  functions: Beginning execution of "us-central1-add" {"metadata":{"emulator":{"name":"functions"},"function":{"name":"us-central1-add"},"extension":{},"message":"Beginning execution of \"us-central1-add\""}}
[debug] [2023-12-06T21:44:06.144Z] [worker-us-central1-add-372b0078-f005-4f0e-a55a-8c5dfb0922eb]: BUSY {"metadata":{"emulator":{"name":"functions"},"function":{"name":"us-central1-add"},"extension":{},"message":"[worker-us-central1-add-372b0078-f005-4f0e-a55a-8c5dfb0922eb]: BUSY"}}
[debug] [2023-12-06T21:44:06.147Z] Finishing up request with event=pause {"metadata":{"emulator":{"name":"functions"},"function":{"name":"us-central1-add"},"extension":{},"message":"Finishing up request with event=pause"}}
[info] i  functions: Finished "us-central1-add" in 2.641901ms {"metadata":{"emulator":{"name":"functions"},"function":{"name":"us-central1-add"},"extension":{},"message":"Finished \"us-central1-add\" in 2.641901ms"}}
[debug] [2023-12-06T21:44:06.148Z] [worker-us-central1-add-372b0078-f005-4f0e-a55a-8c5dfb0922eb]: IDLE {"metadata":{"emulator":{"name":"functions"},"function":{"name":"us-central1-add"},"extension":{},"message":"[worker-us-central1-add-372b0078-f005-4f0e-a55a-8c5dfb0922eb]: IDLE"}}
[debug] [2023-12-06T21:44:06.148Z] Finishing up request with event=finish {"metadata":{"emulator":{"name":"functions"},"function":{"name":"us-central1-add"},"extension":{},"message":"Finishing up request with event=finish"}}
[debug] [2023-12-06T21:44:06.148Z] Finishing up request with event=close {"metadata":{"emulator":{"name":"functions"},"function":{"name":"us-central1-add"},"extension":{},"message":"Finishing up request with event=close"}}
[debug] [2023-12-06T21:44:06.148Z] [work-queue] {"queuedWork":[],"queueLength":0,"runningWork":[],"workRunningCount":0}
[debug] [2023-12-06T21:44:06.153Z] [work-queue] {"queuedWork":["/calculator-49ac2/us-central1/add-2023-12-06T21:44:06.153Z"],"queueLength":1,"runningWork":[],"workRunningCount":0}
[debug] [2023-12-06T21:44:06.153Z] [work-queue] {"queuedWork":[],"queueLength":0,"runningWork":["/calculator-49ac2/us-central1/add-2023-12-06T21:44:06.153Z"],"workRunningCount":1}
[debug] [2023-12-06T21:44:06.153Z] Accepted request POST /calculator-49ac2/us-central1/add --> us-central1-add
[debug] [2023-12-06T21:44:06.154Z] [functions] Runtime ready! Sending request! {"metadata":{"emulator":{"name":"functions"},"message":"[functions] Runtime ready! Sending request!"}}
[debug] [2023-12-06T21:44:06.155Z] [functions] Got req.url=/calculator-49ac2/us-central1/add, mapping to path=/ {"metadata":{"emulator":{"name":"functions"},"message":"[functions] Got req.url=/calculator-49ac2/us-central1/add, mapping to path=/"}}
[debug] [2023-12-06T21:44:06.155Z] [worker-pool] submitRequest(triggerId=us-central1-add) {"metadata":{"emulator":{"name":"functions"},"message":"[worker-pool] submitRequest(triggerId=us-central1-add)"}}
[info] i  functions: Beginning execution of "us-central1-add" {"metadata":{"emulator":{"name":"functions"},"function":{"name":"us-central1-add"},"extension":{},"message":"Beginning execution of \"us-central1-add\""}}
[debug] [2023-12-06T21:44:06.155Z] [worker-us-central1-add-372b0078-f005-4f0e-a55a-8c5dfb0922eb]: BUSY {"metadata":{"emulator":{"name":"functions"},"function":{"name":"us-central1-add"},"extension":{},"message":"[worker-us-central1-add-372b0078-f005-4f0e-a55a-8c5dfb0922eb]: BUSY"}}
[info] >  from is  USD {"user":"from is  USD","metadata":{"emulator":{"name":"functions"},"function":{"name":"us-central1-add"},"extension":{},"message":"\u001b[90m> \u001b[39m from is  USD"}}
[info] >  to is  EUR {"user":"to is  EUR","metadata":{"emulator":{"name":"functions"},"function":{"name":"us-central1-add"},"extension":{},"message":"\u001b[90m> \u001b[39m to is  EUR"}}
[info] >  rate is  0.92641675 {"user":"rate is  0.92641675","metadata":{"emulator":{"name":"functions"},"function":{"name":"us-central1-add"},"extension":{},"message":"\u001b[90m> \u001b[39m rate is  0.92641675"}}
[debug] [2023-12-06T21:44:06.160Z] Finishing up request with event=pause {"metadata":{"emulator":{"name":"functions"},"function":{"name":"us-central1-add"},"extension":{},"message":"Finishing up request with event=pause"}}
[info] i  functions: Finished "us-central1-add" in 5.126783ms {"metadata":{"emulator":{"name":"functions"},"function":{"name":"us-central1-add"},"extension":{},"message":"Finished \"us-central1-add\" in 5.126783ms"}}
[debug] [2023-12-06T21:44:06.161Z] [worker-us-central1-add-372b0078-f005-4f0e-a55a-8c5dfb0922eb]: IDLE {"metadata":{"emulator":{"name":"functions"},"function":{"name":"us-central1-add"},"extension":{},"message":"[worker-us-central1-add-372b0078-f005-4f0e-a55a-8c5dfb0922eb]: IDLE"}}
[debug] [2023-12-06T21:44:06.161Z] Finishing up request with event=finish {"metadata":{"emulator":{"name":"functions"},"function":{"name":"us-central1-add"},"extension":{},"message":"Finishing up request with event=finish"}}
[debug] [2023-12-06T21:44:06.161Z] Finishing up request with event=close {"metadata":{"emulator":{"name":"functions"},"function":{"name":"us-central1-add"},"extension":{},"message":"Finishing up request with event=close"}}
[debug] [2023-12-06T21:44:06.161Z] [work-queue] {"queuedWork":[],"queueLength":0,"runningWork":[],"workRunningCount":0}
[debug] [2023-12-06T21:53:19.093Z] [work-queue] {"queuedWork":["/calculator-49ac2/us-central1/deduction-2023-12-06T21:53:19.093Z"],"queueLength":1,"runningWork":[],"workRunningCount":0}
[debug] [2023-12-06T21:53:19.093Z] [work-queue] {"queuedWork":[],"queueLength":0,"runningWork":["/calculator-49ac2/us-central1/deduction-2023-12-06T21:53:19.093Z"],"workRunningCount":1}
[debug] [2023-12-06T21:53:19.093Z] Accepted request OPTIONS /calculator-49ac2/us-central1/deduction --> us-central1-deduction
[debug] [2023-12-06T21:53:19.095Z] [functions] Runtime ready! Sending request! {"metadata":{"emulator":{"name":"functions"},"message":"[functions] Runtime ready! Sending request!"}}
[debug] [2023-12-06T21:53:19.095Z] [functions] Got req.url=/calculator-49ac2/us-central1/deduction, mapping to path=/ {"metadata":{"emulator":{"name":"functions"},"message":"[functions] Got req.url=/calculator-49ac2/us-central1/deduction, mapping to path=/"}}
[debug] [2023-12-06T21:53:19.107Z] [worker-pool] addWorker(us-central1-deduction) {"metadata":{"emulator":{"name":"functions"},"message":"[worker-pool] addWorker(us-central1-deduction)"}}
[debug] [2023-12-06T21:53:19.107Z] [worker-pool] Adding worker with key us-central1-deduction, total=1 {"metadata":{"emulator":{"name":"functions"},"message":"[worker-pool] Adding worker with key us-central1-deduction, total=1"}}
[debug] [2023-12-06T21:53:19.836Z] [runtime-status] [27697] Resolved module firebase-admin {"declared":true,"installed":true,"version":"11.11.1","resolution":"/home/bluebird/Test/calculator/functions/node_modules/firebase-admin/lib/index.js"} {"metadata":{"emulator":{"name":"functions"},"function":{"name":"us-central1-deduction"},"extension":{},"message":"[runtime-status] [27697] Resolved module firebase-admin {\"declared\":true,\"installed\":true,\"version\":\"11.11.1\",\"resolution\":\"/home/bluebird/Test/calculator/functions/node_modules/firebase-admin/lib/index.js\"}"}}
[debug] [2023-12-06T21:53:19.837Z] [runtime-status] [27697] Resolved module firebase-functions {"declared":true,"installed":true,"version":"4.5.0","resolution":"/home/bluebird/Test/calculator/functions/node_modules/firebase-functions/lib/v1/index.js"} {"metadata":{"emulator":{"name":"functions"},"function":{"name":"us-central1-deduction"},"extension":{},"message":"[runtime-status] [27697] Resolved module firebase-functions {\"declared\":true,\"installed\":true,\"version\":\"4.5.0\",\"resolution\":\"/home/bluebird/Test/calculator/functions/node_modules/firebase-functions/lib/v1/index.js\"}"}}
[debug] [2023-12-06T21:53:19.838Z] [runtime-status] [27697] Outgoing network have been stubbed. [{"name":"http","status":"mocked"},{"name":"http","status":"mocked"},{"name":"https","status":"mocked"},{"name":"https","status":"mocked"},{"name":"net","status":"mocked"}] {"metadata":{"emulator":{"name":"functions"},"function":{"name":"us-central1-deduction"},"extension":{},"message":"[runtime-status] [27697] Outgoing network have been stubbed. [{\"name\":\"http\",\"status\":\"mocked\"},{\"name\":\"http\",\"status\":\"mocked\"},{\"name\":\"https\",\"status\":\"mocked\"},{\"name\":\"https\",\"status\":\"mocked\"},{\"name\":\"net\",\"status\":\"mocked\"}]"}}
[debug] [2023-12-06T21:53:19.839Z] [runtime-status] [27697] Resolved module firebase-functions {"declared":true,"installed":true,"version":"4.5.0","resolution":"/home/bluebird/Test/calculator/functions/node_modules/firebase-functions/lib/v1/index.js"} {"metadata":{"emulator":{"name":"functions"},"function":{"name":"us-central1-deduction"},"extension":{},"message":"[runtime-status] [27697] Resolved module firebase-functions {\"declared\":true,\"installed\":true,\"version\":\"4.5.0\",\"resolution\":\"/home/bluebird/Test/calculator/functions/node_modules/firebase-functions/lib/v1/index.js\"}"}}
[debug] [2023-12-06T21:53:19.975Z] [runtime-status] [27697] Checked functions.config() {"config":{}} {"metadata":{"emulator":{"name":"functions"},"function":{"name":"us-central1-deduction"},"extension":{},"message":"[runtime-status] [27697] Checked functions.config() {\"config\":{}}"}}
[debug] [2023-12-06T21:53:19.975Z] [runtime-status] [27697] firebase-functions has been stubbed. {"functionsResolution":{"declared":true,"installed":true,"version":"4.5.0","resolution":"/home/bluebird/Test/calculator/functions/node_modules/firebase-functions/lib/v1/index.js"}} {"metadata":{"emulator":{"name":"functions"},"function":{"name":"us-central1-deduction"},"extension":{},"message":"[runtime-status] [27697] firebase-functions has been stubbed. {\"functionsResolution\":{\"declared\":true,\"installed\":true,\"version\":\"4.5.0\",\"resolution\":\"/home/bluebird/Test/calculator/functions/node_modules/firebase-functions/lib/v1/index.js\"}}"}}
[debug] [2023-12-06T21:53:19.976Z] [runtime-status] [27697] Resolved module firebase-functions {"declared":true,"installed":true,"version":"4.5.0","resolution":"/home/bluebird/Test/calculator/functions/node_modules/firebase-functions/lib/v1/index.js"} {"metadata":{"emulator":{"name":"functions"},"function":{"name":"us-central1-deduction"},"extension":{},"message":"[runtime-status] [27697] Resolved module firebase-functions {\"declared\":true,\"installed\":true,\"version\":\"4.5.0\",\"resolution\":\"/home/bluebird/Test/calculator/functions/node_modules/firebase-functions/lib/v1/index.js\"}"}}
[debug] [2023-12-06T21:53:19.977Z] [runtime-status] [27697] Resolved module firebase-admin {"declared":true,"installed":true,"version":"11.11.1","resolution":"/home/bluebird/Test/calculator/functions/node_modules/firebase-admin/lib/index.js"} {"metadata":{"emulator":{"name":"functions"},"function":{"name":"us-central1-deduction"},"extension":{},"message":"[runtime-status] [27697] Resolved module firebase-admin {\"declared\":true,\"installed\":true,\"version\":\"11.11.1\",\"resolution\":\"/home/bluebird/Test/calculator/functions/node_modules/firebase-admin/lib/index.js\"}"}}
[debug] [2023-12-06T21:53:19.979Z] [runtime-status] [27697] Resolved module firebase-functions {"declared":true,"installed":true,"version":"4.5.0","resolution":"/home/bluebird/Test/calculator/functions/node_modules/firebase-functions/lib/v1/index.js"} {"metadata":{"emulator":{"name":"functions"},"function":{"name":"us-central1-deduction"},"extension":{},"message":"[runtime-status] [27697] Resolved module firebase-functions {\"declared\":true,\"installed\":true,\"version\":\"4.5.0\",\"resolution\":\"/home/bluebird/Test/calculator/functions/node_modules/firebase-functions/lib/v1/index.js\"}"}}
[debug] [2023-12-06T21:53:19.979Z] [runtime-status] [27697] firebase-admin has been stubbed. {"adminResolution":{"declared":true,"installed":true,"version":"11.11.1","resolution":"/home/bluebird/Test/calculator/functions/node_modules/firebase-admin/lib/index.js"}} {"metadata":{"emulator":{"name":"functions"},"function":{"name":"us-central1-deduction"},"extension":{},"message":"[runtime-status] [27697] firebase-admin has been stubbed. {\"adminResolution\":{\"declared\":true,\"installed\":true,\"version\":\"11.11.1\",\"resolution\":\"/home/bluebird/Test/calculator/functions/node_modules/firebase-admin/lib/index.js\"}}"}}
[debug] [2023-12-06T21:53:19.991Z] [runtime-status] [27697] Functions runtime initialized. {"cwd":"/home/bluebird/Test/calculator/functions","node_version":"16.19.1"} {"metadata":{"emulator":{"name":"functions"},"function":{"name":"us-central1-deduction"},"extension":{},"message":"[runtime-status] [27697] Functions runtime initialized. {\"cwd\":\"/home/bluebird/Test/calculator/functions\",\"node_version\":\"16.19.1\"}"}}
[debug] [2023-12-06T21:53:19.991Z] [runtime-status] [27697] Listening to port: /tmp/fire_emu_392ff892f7285bd7.sock {"metadata":{"emulator":{"name":"functions"},"function":{"name":"us-central1-deduction"},"extension":{},"message":"[runtime-status] [27697] Listening to port: /tmp/fire_emu_392ff892f7285bd7.sock"}}
[debug] [2023-12-06T21:53:20.023Z] [worker-us-central1-deduction-a50335c4-3c18-48b4-97f5-c0a8bbf9c9e7]: IDLE {"metadata":{"emulator":{"name":"functions"},"function":{"name":"us-central1-deduction"},"extension":{},"message":"[worker-us-central1-deduction-a50335c4-3c18-48b4-97f5-c0a8bbf9c9e7]: IDLE"}}
[debug] [2023-12-06T21:53:20.024Z] [worker-pool] submitRequest(triggerId=us-central1-deduction) {"metadata":{"emulator":{"name":"functions"},"message":"[worker-pool] submitRequest(triggerId=us-central1-deduction)"}}
[info] i  functions: Beginning execution of "us-central1-deduction" {"metadata":{"emulator":{"name":"functions"},"function":{"name":"us-central1-deduction"},"extension":{},"message":"Beginning execution of \"us-central1-deduction\""}}
[debug] [2023-12-06T21:53:20.024Z] [worker-us-central1-deduction-a50335c4-3c18-48b4-97f5-c0a8bbf9c9e7]: BUSY {"metadata":{"emulator":{"name":"functions"},"function":{"name":"us-central1-deduction"},"extension":{},"message":"[worker-us-central1-deduction-a50335c4-3c18-48b4-97f5-c0a8bbf9c9e7]: BUSY"}}
[debug] [2023-12-06T21:53:20.029Z] Finishing up request with event=pause {"metadata":{"emulator":{"name":"functions"},"function":{"name":"us-central1-deduction"},"extension":{},"message":"Finishing up request with event=pause"}}
[info] i  functions: Finished "us-central1-deduction" in 4.533781ms {"metadata":{"emulator":{"name":"functions"},"function":{"name":"us-central1-deduction"},"extension":{},"message":"Finished \"us-central1-deduction\" in 4.533781ms"}}
[debug] [2023-12-06T21:53:20.029Z] [worker-us-central1-deduction-a50335c4-3c18-48b4-97f5-c0a8bbf9c9e7]: IDLE {"metadata":{"emulator":{"name":"functions"},"function":{"name":"us-central1-deduction"},"extension":{},"message":"[worker-us-central1-deduction-a50335c4-3c18-48b4-97f5-c0a8bbf9c9e7]: IDLE"}}
[debug] [2023-12-06T21:53:20.029Z] Finishing up request with event=finish {"metadata":{"emulator":{"name":"functions"},"function":{"name":"us-central1-deduction"},"extension":{},"message":"Finishing up request with event=finish"}}
[debug] [2023-12-06T21:53:20.030Z] Finishing up request with event=close {"metadata":{"emulator":{"name":"functions"},"function":{"name":"us-central1-deduction"},"extension":{},"message":"Finishing up request with event=close"}}
[debug] [2023-12-06T21:53:20.030Z] [work-queue] {"queuedWork":[],"queueLength":0,"runningWork":[],"workRunningCount":0}
[debug] [2023-12-06T21:53:20.033Z] [work-queue] {"queuedWork":["/calculator-49ac2/us-central1/deduction-2023-12-06T21:53:20.033Z"],"queueLength":1,"runningWork":[],"workRunningCount":0}
[debug] [2023-12-06T21:53:20.033Z] [work-queue] {"queuedWork":[],"queueLength":0,"runningWork":["/calculator-49ac2/us-central1/deduction-2023-12-06T21:53:20.033Z"],"workRunningCount":1}
[debug] [2023-12-06T21:53:20.034Z] Accepted request POST /calculator-49ac2/us-central1/deduction --> us-central1-deduction
[debug] [2023-12-06T21:53:20.035Z] [functions] Runtime ready! Sending request! {"metadata":{"emulator":{"name":"functions"},"message":"[functions] Runtime ready! Sending request!"}}
[debug] [2023-12-06T21:53:20.035Z] [functions] Got req.url=/calculator-49ac2/us-central1/deduction, mapping to path=/ {"metadata":{"emulator":{"name":"functions"},"message":"[functions] Got req.url=/calculator-49ac2/us-central1/deduction, mapping to path=/"}}
[debug] [2023-12-06T21:53:20.035Z] [worker-pool] submitRequest(triggerId=us-central1-deduction) {"metadata":{"emulator":{"name":"functions"},"message":"[worker-pool] submitRequest(triggerId=us-central1-deduction)"}}
[info] i  functions: Beginning execution of "us-central1-deduction" {"metadata":{"emulator":{"name":"functions"},"function":{"name":"us-central1-deduction"},"extension":{},"message":"Beginning execution of \"us-central1-deduction\""}}
[debug] [2023-12-06T21:53:20.036Z] [worker-us-central1-deduction-a50335c4-3c18-48b4-97f5-c0a8bbf9c9e7]: BUSY {"metadata":{"emulator":{"name":"functions"},"function":{"name":"us-central1-deduction"},"extension":{},"message":"[worker-us-central1-deduction-a50335c4-3c18-48b4-97f5-c0a8bbf9c9e7]: BUSY"}}
[info] >  from is  USD {"user":"from is  USD","metadata":{"emulator":{"name":"functions"},"function":{"name":"us-central1-deduction"},"extension":{},"message":"\u001b[90m> \u001b[39m from is  USD"}}
[info] >  to is  EUR {"user":"to is  EUR","metadata":{"emulator":{"name":"functions"},"function":{"name":"us-central1-deduction"},"extension":{},"message":"\u001b[90m> \u001b[39m to is  EUR"}}
[info] >  rate is  0.92641675 {"user":"rate is  0.92641675","metadata":{"emulator":{"name":"functions"},"function":{"name":"us-central1-deduction"},"extension":{},"message":"\u001b[90m> \u001b[39m rate is  0.92641675"}}
[debug] [2023-12-06T21:53:20.050Z] Finishing up request with event=pause {"metadata":{"emulator":{"name":"functions"},"function":{"name":"us-central1-deduction"},"extension":{},"message":"Finishing up request with event=pause"}}
[info] i  functions: Finished "us-central1-deduction" in 14.736357ms {"metadata":{"emulator":{"name":"functions"},"function":{"name":"us-central1-deduction"},"extension":{},"message":"Finished \"us-central1-deduction\" in 14.736357ms"}}
[debug] [2023-12-06T21:53:20.051Z] [worker-us-central1-deduction-a50335c4-3c18-48b4-97f5-c0a8bbf9c9e7]: IDLE {"metadata":{"emulator":{"name":"functions"},"function":{"name":"us-central1-deduction"},"extension":{},"message":"[worker-us-central1-deduction-a50335c4-3c18-48b4-97f5-c0a8bbf9c9e7]: IDLE"}}
[debug] [2023-12-06T21:53:20.051Z] Finishing up request with event=finish {"metadata":{"emulator":{"name":"functions"},"function":{"name":"us-central1-deduction"},"extension":{},"message":"Finishing up request with event=finish"}}
[debug] [2023-12-06T21:53:20.051Z] Finishing up request with event=close {"metadata":{"emulator":{"name":"functions"},"function":{"name":"us-central1-deduction"},"extension":{},"message":"Finishing up request with event=close"}}
[debug] [2023-12-06T21:53:20.051Z] [work-queue] {"queuedWork":[],"queueLength":0,"runningWork":[],"workRunningCount":0}
[debug] [2023-12-06T21:53:35.749Z] [work-queue] {"queuedWork":["/calculator-49ac2/us-central1/multiply-2023-12-06T21:53:35.749Z"],"queueLength":1,"runningWork":[],"workRunningCount":0}
[debug] [2023-12-06T21:53:35.750Z] [work-queue] {"queuedWork":[],"queueLength":0,"runningWork":["/calculator-49ac2/us-central1/multiply-2023-12-06T21:53:35.749Z"],"workRunningCount":1}
[debug] [2023-12-06T21:53:35.750Z] Accepted request OPTIONS /calculator-49ac2/us-central1/multiply --> us-central1-multiply
[debug] [2023-12-06T21:53:35.751Z] [functions] Runtime ready! Sending request! {"metadata":{"emulator":{"name":"functions"},"message":"[functions] Runtime ready! Sending request!"}}
[debug] [2023-12-06T21:53:35.751Z] [functions] Got req.url=/calculator-49ac2/us-central1/multiply, mapping to path=/ {"metadata":{"emulator":{"name":"functions"},"message":"[functions] Got req.url=/calculator-49ac2/us-central1/multiply, mapping to path=/"}}
[debug] [2023-12-06T21:53:35.760Z] [worker-pool] addWorker(us-central1-multiply) {"metadata":{"emulator":{"name":"functions"},"message":"[worker-pool] addWorker(us-central1-multiply)"}}
[debug] [2023-12-06T21:53:35.760Z] [worker-pool] Adding worker with key us-central1-multiply, total=1 {"metadata":{"emulator":{"name":"functions"},"message":"[worker-pool] Adding worker with key us-central1-multiply, total=1"}}
[debug] [2023-12-06T21:53:36.494Z] [runtime-status] [27775] Resolved module firebase-admin {"declared":true,"installed":true,"version":"11.11.1","resolution":"/home/bluebird/Test/calculator/functions/node_modules/firebase-admin/lib/index.js"} {"metadata":{"emulator":{"name":"functions"},"function":{"name":"us-central1-multiply"},"extension":{},"message":"[runtime-status] [27775] Resolved module firebase-admin {\"declared\":true,\"installed\":true,\"version\":\"11.11.1\",\"resolution\":\"/home/bluebird/Test/calculator/functions/node_modules/firebase-admin/lib/index.js\"}"}}
[debug] [2023-12-06T21:53:36.496Z] [runtime-status] [27775] Resolved module firebase-functions {"declared":true,"installed":true,"version":"4.5.0","resolution":"/home/bluebird/Test/calculator/functions/node_modules/firebase-functions/lib/v1/index.js"} {"metadata":{"emulator":{"name":"functions"},"function":{"name":"us-central1-multiply"},"extension":{},"message":"[runtime-status] [27775] Resolved module firebase-functions {\"declared\":true,\"installed\":true,\"version\":\"4.5.0\",\"resolution\":\"/home/bluebird/Test/calculator/functions/node_modules/firebase-functions/lib/v1/index.js\"}"}}
[debug] [2023-12-06T21:53:36.497Z] [runtime-status] [27775] Outgoing network have been stubbed. [{"name":"http","status":"mocked"},{"name":"http","status":"mocked"},{"name":"https","status":"mocked"},{"name":"https","status":"mocked"},{"name":"net","status":"mocked"}] {"metadata":{"emulator":{"name":"functions"},"function":{"name":"us-central1-multiply"},"extension":{},"message":"[runtime-status] [27775] Outgoing network have been stubbed. [{\"name\":\"http\",\"status\":\"mocked\"},{\"name\":\"http\",\"status\":\"mocked\"},{\"name\":\"https\",\"status\":\"mocked\"},{\"name\":\"https\",\"status\":\"mocked\"},{\"name\":\"net\",\"status\":\"mocked\"}]"}}
[debug] [2023-12-06T21:53:36.497Z] [runtime-status] [27775] Resolved module firebase-functions {"declared":true,"installed":true,"version":"4.5.0","resolution":"/home/bluebird/Test/calculator/functions/node_modules/firebase-functions/lib/v1/index.js"} {"metadata":{"emulator":{"name":"functions"},"function":{"name":"us-central1-multiply"},"extension":{},"message":"[runtime-status] [27775] Resolved module firebase-functions {\"declared\":true,\"installed\":true,\"version\":\"4.5.0\",\"resolution\":\"/home/bluebird/Test/calculator/functions/node_modules/firebase-functions/lib/v1/index.js\"}"}}
[debug] [2023-12-06T21:53:36.639Z] [runtime-status] [27775] Checked functions.config() {"config":{}} {"metadata":{"emulator":{"name":"functions"},"function":{"name":"us-central1-multiply"},"extension":{},"message":"[runtime-status] [27775] Checked functions.config() {\"config\":{}}"}}
[debug] [2023-12-06T21:53:36.639Z] [runtime-status] [27775] firebase-functions has been stubbed. {"functionsResolution":{"declared":true,"installed":true,"version":"4.5.0","resolution":"/home/bluebird/Test/calculator/functions/node_modules/firebase-functions/lib/v1/index.js"}} {"metadata":{"emulator":{"name":"functions"},"function":{"name":"us-central1-multiply"},"extension":{},"message":"[runtime-status] [27775] firebase-functions has been stubbed. {\"functionsResolution\":{\"declared\":true,\"installed\":true,\"version\":\"4.5.0\",\"resolution\":\"/home/bluebird/Test/calculator/functions/node_modules/firebase-functions/lib/v1/index.js\"}}"}}
[debug] [2023-12-06T21:53:36.640Z] [runtime-status] [27775] Resolved module firebase-functions {"declared":true,"installed":true,"version":"4.5.0","resolution":"/home/bluebird/Test/calculator/functions/node_modules/firebase-functions/lib/v1/index.js"} {"metadata":{"emulator":{"name":"functions"},"function":{"name":"us-central1-multiply"},"extension":{},"message":"[runtime-status] [27775] Resolved module firebase-functions {\"declared\":true,\"installed\":true,\"version\":\"4.5.0\",\"resolution\":\"/home/bluebird/Test/calculator/functions/node_modules/firebase-functions/lib/v1/index.js\"}"}}
[debug] [2023-12-06T21:53:36.641Z] [runtime-status] [27775] Resolved module firebase-admin {"declared":true,"installed":true,"version":"11.11.1","resolution":"/home/bluebird/Test/calculator/functions/node_modules/firebase-admin/lib/index.js"} {"metadata":{"emulator":{"name":"functions"},"function":{"name":"us-central1-multiply"},"extension":{},"message":"[runtime-status] [27775] Resolved module firebase-admin {\"declared\":true,\"installed\":true,\"version\":\"11.11.1\",\"resolution\":\"/home/bluebird/Test/calculator/functions/node_modules/firebase-admin/lib/index.js\"}"}}
[debug] [2023-12-06T21:53:36.642Z] [runtime-status] [27775] Resolved module firebase-functions {"declared":true,"installed":true,"version":"4.5.0","resolution":"/home/bluebird/Test/calculator/functions/node_modules/firebase-functions/lib/v1/index.js"} {"metadata":{"emulator":{"name":"functions"},"function":{"name":"us-central1-multiply"},"extension":{},"message":"[runtime-status] [27775] Resolved module firebase-functions {\"declared\":true,\"installed\":true,\"version\":\"4.5.0\",\"resolution\":\"/home/bluebird/Test/calculator/functions/node_modules/firebase-functions/lib/v1/index.js\"}"}}
[debug] [2023-12-06T21:53:36.642Z] [runtime-status] [27775] firebase-admin has been stubbed. {"adminResolution":{"declared":true,"installed":true,"version":"11.11.1","resolution":"/home/bluebird/Test/calculator/functions/node_modules/firebase-admin/lib/index.js"}} {"metadata":{"emulator":{"name":"functions"},"function":{"name":"us-central1-multiply"},"extension":{},"message":"[runtime-status] [27775] firebase-admin has been stubbed. {\"adminResolution\":{\"declared\":true,\"installed\":true,\"version\":\"11.11.1\",\"resolution\":\"/home/bluebird/Test/calculator/functions/node_modules/firebase-admin/lib/index.js\"}}"}}
[debug] [2023-12-06T21:53:36.655Z] [runtime-status] [27775] Functions runtime initialized. {"cwd":"/home/bluebird/Test/calculator/functions","node_version":"16.19.1"} {"metadata":{"emulator":{"name":"functions"},"function":{"name":"us-central1-multiply"},"extension":{},"message":"[runtime-status] [27775] Functions runtime initialized. {\"cwd\":\"/home/bluebird/Test/calculator/functions\",\"node_version\":\"16.19.1\"}"}}
[debug] [2023-12-06T21:53:36.655Z] [runtime-status] [27775] Listening to port: /tmp/fire_emu_681f868142819a6c.sock {"metadata":{"emulator":{"name":"functions"},"function":{"name":"us-central1-multiply"},"extension":{},"message":"[runtime-status] [27775] Listening to port: /tmp/fire_emu_681f868142819a6c.sock"}}
[debug] [2023-12-06T21:53:36.675Z] [worker-us-central1-multiply-b9794074-87c8-481a-9b35-12a2c295b7e0]: IDLE {"metadata":{"emulator":{"name":"functions"},"function":{"name":"us-central1-multiply"},"extension":{},"message":"[worker-us-central1-multiply-b9794074-87c8-481a-9b35-12a2c295b7e0]: IDLE"}}
[debug] [2023-12-06T21:53:36.675Z] [worker-pool] submitRequest(triggerId=us-central1-multiply) {"metadata":{"emulator":{"name":"functions"},"message":"[worker-pool] submitRequest(triggerId=us-central1-multiply)"}}
[info] i  functions: Beginning execution of "us-central1-multiply" {"metadata":{"emulator":{"name":"functions"},"function":{"name":"us-central1-multiply"},"extension":{},"message":"Beginning execution of \"us-central1-multiply\""}}
[debug] [2023-12-06T21:53:36.677Z] [worker-us-central1-multiply-b9794074-87c8-481a-9b35-12a2c295b7e0]: BUSY {"metadata":{"emulator":{"name":"functions"},"function":{"name":"us-central1-multiply"},"extension":{},"message":"[worker-us-central1-multiply-b9794074-87c8-481a-9b35-12a2c295b7e0]: BUSY"}}
[debug] [2023-12-06T21:53:36.681Z] Finishing up request with event=pause {"metadata":{"emulator":{"name":"functions"},"function":{"name":"us-central1-multiply"},"extension":{},"message":"Finishing up request with event=pause"}}
[info] i  functions: Finished "us-central1-multiply" in 5.107877ms {"metadata":{"emulator":{"name":"functions"},"function":{"name":"us-central1-multiply"},"extension":{},"message":"Finished \"us-central1-multiply\" in 5.107877ms"}}
[debug] [2023-12-06T21:53:36.682Z] [worker-us-central1-multiply-b9794074-87c8-481a-9b35-12a2c295b7e0]: IDLE {"metadata":{"emulator":{"name":"functions"},"function":{"name":"us-central1-multiply"},"extension":{},"message":"[worker-us-central1-multiply-b9794074-87c8-481a-9b35-12a2c295b7e0]: IDLE"}}
[debug] [2023-12-06T21:53:36.683Z] Finishing up request with event=finish {"metadata":{"emulator":{"name":"functions"},"function":{"name":"us-central1-multiply"},"extension":{},"message":"Finishing up request with event=finish"}}
[debug] [2023-12-06T21:53:36.684Z] Finishing up request with event=close {"metadata":{"emulator":{"name":"functions"},"function":{"name":"us-central1-multiply"},"extension":{},"message":"Finishing up request with event=close"}}
[debug] [2023-12-06T21:53:36.685Z] [work-queue] {"queuedWork":[],"queueLength":0,"runningWork":[],"workRunningCount":0}
[debug] [2023-12-06T21:53:36.687Z] [work-queue] {"queuedWork":["/calculator-49ac2/us-central1/multiply-2023-12-06T21:53:36.687Z"],"queueLength":1,"runningWork":[],"workRunningCount":0}
[debug] [2023-12-06T21:53:36.687Z] [work-queue] {"queuedWork":[],"queueLength":0,"runningWork":["/calculator-49ac2/us-central1/multiply-2023-12-06T21:53:36.687Z"],"workRunningCount":1}
[debug] [2023-12-06T21:53:36.687Z] Accepted request POST /calculator-49ac2/us-central1/multiply --> us-central1-multiply
[debug] [2023-12-06T21:53:36.688Z] [functions] Runtime ready! Sending request! {"metadata":{"emulator":{"name":"functions"},"message":"[functions] Runtime ready! Sending request!"}}
[debug] [2023-12-06T21:53:36.689Z] [functions] Got req.url=/calculator-49ac2/us-central1/multiply, mapping to path=/ {"metadata":{"emulator":{"name":"functions"},"message":"[functions] Got req.url=/calculator-49ac2/us-central1/multiply, mapping to path=/"}}
[debug] [2023-12-06T21:53:36.689Z] [worker-pool] submitRequest(triggerId=us-central1-multiply) {"metadata":{"emulator":{"name":"functions"},"message":"[worker-pool] submitRequest(triggerId=us-central1-multiply)"}}
[info] i  functions: Beginning execution of "us-central1-multiply" {"metadata":{"emulator":{"name":"functions"},"function":{"name":"us-central1-multiply"},"extension":{},"message":"Beginning execution of \"us-central1-multiply\""}}
[debug] [2023-12-06T21:53:36.689Z] [worker-us-central1-multiply-b9794074-87c8-481a-9b35-12a2c295b7e0]: BUSY {"metadata":{"emulator":{"name":"functions"},"function":{"name":"us-central1-multiply"},"extension":{},"message":"[worker-us-central1-multiply-b9794074-87c8-481a-9b35-12a2c295b7e0]: BUSY"}}
[info] >  from is  USD {"user":"from is  USD","metadata":{"emulator":{"name":"functions"},"function":{"name":"us-central1-multiply"},"extension":{},"message":"\u001b[90m> \u001b[39m from is  USD"}}
[info] >  to is  EUR {"user":"to is  EUR","metadata":{"emulator":{"name":"functions"},"function":{"name":"us-central1-multiply"},"extension":{},"message":"\u001b[90m> \u001b[39m to is  EUR"}}
[info] >  rate is  0.92641675 {"user":"rate is  0.92641675","metadata":{"emulator":{"name":"functions"},"function":{"name":"us-central1-multiply"},"extension":{},"message":"\u001b[90m> \u001b[39m rate is  0.92641675"}}
[debug] [2023-12-06T21:53:36.705Z] Finishing up request with event=pause {"metadata":{"emulator":{"name":"functions"},"function":{"name":"us-central1-multiply"},"extension":{},"message":"Finishing up request with event=pause"}}
[info] i  functions: Finished "us-central1-multiply" in 15.718016ms {"metadata":{"emulator":{"name":"functions"},"function":{"name":"us-central1-multiply"},"extension":{},"message":"Finished \"us-central1-multiply\" in 15.718016ms"}}
[debug] [2023-12-06T21:53:36.705Z] [worker-us-central1-multiply-b9794074-87c8-481a-9b35-12a2c295b7e0]: IDLE {"metadata":{"emulator":{"name":"functions"},"function":{"name":"us-central1-multiply"},"extension":{},"message":"[worker-us-central1-multiply-b9794074-87c8-481a-9b35-12a2c295b7e0]: IDLE"}}
[debug] [2023-12-06T21:53:36.706Z] Finishing up request with event=finish {"metadata":{"emulator":{"name":"functions"},"function":{"name":"us-central1-multiply"},"extension":{},"message":"Finishing up request with event=finish"}}
[debug] [2023-12-06T21:53:36.706Z] Finishing up request with event=close {"metadata":{"emulator":{"name":"functions"},"function":{"name":"us-central1-multiply"},"extension":{},"message":"Finishing up request with event=close"}}
[debug] [2023-12-06T21:53:36.706Z] [work-queue] {"queuedWork":[],"queueLength":0,"runningWork":[],"workRunningCount":0}
[debug] [2023-12-07T07:33:47.891Z] [work-queue] {"queuedWork":["/calculator-49ac2/us-central1/add-2023-12-07T07:33:47.890Z"],"queueLength":1,"runningWork":[],"workRunningCount":0}
[debug] [2023-12-07T07:33:47.893Z] [work-queue] {"queuedWork":[],"queueLength":0,"runningWork":["/calculator-49ac2/us-central1/add-2023-12-07T07:33:47.890Z"],"workRunningCount":1}
[debug] [2023-12-07T07:33:47.893Z] Accepted request OPTIONS /calculator-49ac2/us-central1/add --> us-central1-add
[debug] [2023-12-07T07:33:47.900Z] [functions] Runtime ready! Sending request! {"metadata":{"emulator":{"name":"functions"},"message":"[functions] Runtime ready! Sending request!"}}
[debug] [2023-12-07T07:33:47.900Z] [functions] Got req.url=/calculator-49ac2/us-central1/add, mapping to path=/ {"metadata":{"emulator":{"name":"functions"},"message":"[functions] Got req.url=/calculator-49ac2/us-central1/add, mapping to path=/"}}
[debug] [2023-12-07T07:33:47.900Z] [worker-pool] submitRequest(triggerId=us-central1-add) {"metadata":{"emulator":{"name":"functions"},"message":"[worker-pool] submitRequest(triggerId=us-central1-add)"}}
[info] i  functions: Beginning execution of "us-central1-add" {"metadata":{"emulator":{"name":"functions"},"function":{"name":"us-central1-add"},"extension":{},"message":"Beginning execution of \"us-central1-add\""}}
[debug] [2023-12-07T07:33:47.901Z] [worker-us-central1-add-372b0078-f005-4f0e-a55a-8c5dfb0922eb]: BUSY {"metadata":{"emulator":{"name":"functions"},"function":{"name":"us-central1-add"},"extension":{},"message":"[worker-us-central1-add-372b0078-f005-4f0e-a55a-8c5dfb0922eb]: BUSY"}}
[debug] [2023-12-07T07:33:47.912Z] Finishing up request with event=pause {"metadata":{"emulator":{"name":"functions"},"function":{"name":"us-central1-add"},"extension":{},"message":"Finishing up request with event=pause"}}
[info] i  functions: Finished "us-central1-add" in 10.671098ms {"metadata":{"emulator":{"name":"functions"},"function":{"name":"us-central1-add"},"extension":{},"message":"Finished \"us-central1-add\" in 10.671098ms"}}
[debug] [2023-12-07T07:33:47.913Z] [worker-us-central1-add-372b0078-f005-4f0e-a55a-8c5dfb0922eb]: IDLE {"metadata":{"emulator":{"name":"functions"},"function":{"name":"us-central1-add"},"extension":{},"message":"[worker-us-central1-add-372b0078-f005-4f0e-a55a-8c5dfb0922eb]: IDLE"}}
[debug] [2023-12-07T07:33:47.913Z] Finishing up request with event=finish {"metadata":{"emulator":{"name":"functions"},"function":{"name":"us-central1-add"},"extension":{},"message":"Finishing up request with event=finish"}}
[debug] [2023-12-07T07:33:47.913Z] Finishing up request with event=close {"metadata":{"emulator":{"name":"functions"},"function":{"name":"us-central1-add"},"extension":{},"message":"Finishing up request with event=close"}}
[debug] [2023-12-07T07:33:47.913Z] [work-queue] {"queuedWork":[],"queueLength":0,"runningWork":[],"workRunningCount":0}
[debug] [2023-12-07T07:33:47.916Z] [work-queue] {"queuedWork":["/calculator-49ac2/us-central1/add-2023-12-07T07:33:47.916Z"],"queueLength":1,"runningWork":[],"workRunningCount":0}
[debug] [2023-12-07T07:33:47.916Z] [work-queue] {"queuedWork":[],"queueLength":0,"runningWork":["/calculator-49ac2/us-central1/add-2023-12-07T07:33:47.916Z"],"workRunningCount":1}
[debug] [2023-12-07T07:33:47.916Z] Accepted request POST /calculator-49ac2/us-central1/add --> us-central1-add
[debug] [2023-12-07T07:33:47.918Z] [functions] Runtime ready! Sending request! {"metadata":{"emulator":{"name":"functions"},"message":"[functions] Runtime ready! Sending request!"}}
[debug] [2023-12-07T07:33:47.918Z] [functions] Got req.url=/calculator-49ac2/us-central1/add, mapping to path=/ {"metadata":{"emulator":{"name":"functions"},"message":"[functions] Got req.url=/calculator-49ac2/us-central1/add, mapping to path=/"}}
[debug] [2023-12-07T07:33:47.918Z] [worker-pool] submitRequest(triggerId=us-central1-add) {"metadata":{"emulator":{"name":"functions"},"message":"[worker-pool] submitRequest(triggerId=us-central1-add)"}}
[info] i  functions: Beginning execution of "us-central1-add" {"metadata":{"emulator":{"name":"functions"},"function":{"name":"us-central1-add"},"extension":{},"message":"Beginning execution of \"us-central1-add\""}}
[debug] [2023-12-07T07:33:47.918Z] [worker-us-central1-add-372b0078-f005-4f0e-a55a-8c5dfb0922eb]: BUSY {"metadata":{"emulator":{"name":"functions"},"function":{"name":"us-central1-add"},"extension":{},"message":"[worker-us-central1-add-372b0078-f005-4f0e-a55a-8c5dfb0922eb]: BUSY"}}
[info] >  from is  USD {"user":"from is  USD","metadata":{"emulator":{"name":"functions"},"function":{"name":"us-central1-add"},"extension":{},"message":"\u001b[90m> \u001b[39m from is  USD"}}
[info] >  to is  USD {"user":"to is  USD","metadata":{"emulator":{"name":"functions"},"function":{"name":"us-central1-add"},"extension":{},"message":"\u001b[90m> \u001b[39m to is  USD"}}
[info] >  rate is  1 {"user":"rate is  1","metadata":{"emulator":{"name":"functions"},"function":{"name":"us-central1-add"},"extension":{},"message":"\u001b[90m> \u001b[39m rate is  1"}}
[debug] [2023-12-07T07:33:47.930Z] Finishing up request with event=pause {"metadata":{"emulator":{"name":"functions"},"function":{"name":"us-central1-add"},"extension":{},"message":"Finishing up request with event=pause"}}
[info] i  functions: Finished "us-central1-add" in 11.497857ms {"metadata":{"emulator":{"name":"functions"},"function":{"name":"us-central1-add"},"extension":{},"message":"Finished \"us-central1-add\" in 11.497857ms"}}
[debug] [2023-12-07T07:33:47.930Z] [worker-us-central1-add-372b0078-f005-4f0e-a55a-8c5dfb0922eb]: IDLE {"metadata":{"emulator":{"name":"functions"},"function":{"name":"us-central1-add"},"extension":{},"message":"[worker-us-central1-add-372b0078-f005-4f0e-a55a-8c5dfb0922eb]: IDLE"}}
[debug] [2023-12-07T07:33:47.930Z] Finishing up request with event=finish {"metadata":{"emulator":{"name":"functions"},"function":{"name":"us-central1-add"},"extension":{},"message":"Finishing up request with event=finish"}}
[debug] [2023-12-07T07:33:47.930Z] Finishing up request with event=close {"metadata":{"emulator":{"name":"functions"},"function":{"name":"us-central1-add"},"extension":{},"message":"Finishing up request with event=close"}}
[debug] [2023-12-07T07:33:47.931Z] [work-queue] {"queuedWork":[],"queueLength":0,"runningWork":[],"workRunningCount":0}
[debug] [2023-12-07T07:53:17.534Z] [work-queue] {"queuedWork":["/calculator-49ac2/us-central1/add-2023-12-07T07:53:17.534Z"],"queueLength":1,"runningWork":[],"workRunningCount":0}
[debug] [2023-12-07T07:53:17.534Z] [work-queue] {"queuedWork":[],"queueLength":0,"runningWork":["/calculator-49ac2/us-central1/add-2023-12-07T07:53:17.534Z"],"workRunningCount":1}
[debug] [2023-12-07T07:53:17.534Z] Accepted request OPTIONS /calculator-49ac2/us-central1/add --> us-central1-add
[debug] [2023-12-07T07:53:17.536Z] [functions] Runtime ready! Sending request! {"metadata":{"emulator":{"name":"functions"},"message":"[functions] Runtime ready! Sending request!"}}
[debug] [2023-12-07T07:53:17.536Z] [functions] Got req.url=/calculator-49ac2/us-central1/add, mapping to path=/ {"metadata":{"emulator":{"name":"functions"},"message":"[functions] Got req.url=/calculator-49ac2/us-central1/add, mapping to path=/"}}
[debug] [2023-12-07T07:53:17.536Z] [worker-pool] submitRequest(triggerId=us-central1-add) {"metadata":{"emulator":{"name":"functions"},"message":"[worker-pool] submitRequest(triggerId=us-central1-add)"}}
[info] i  functions: Beginning execution of "us-central1-add" {"metadata":{"emulator":{"name":"functions"},"function":{"name":"us-central1-add"},"extension":{},"message":"Beginning execution of \"us-central1-add\""}}
[debug] [2023-12-07T07:53:17.537Z] [worker-us-central1-add-372b0078-f005-4f0e-a55a-8c5dfb0922eb]: BUSY {"metadata":{"emulator":{"name":"functions"},"function":{"name":"us-central1-add"},"extension":{},"message":"[worker-us-central1-add-372b0078-f005-4f0e-a55a-8c5dfb0922eb]: BUSY"}}
[debug] [2023-12-07T07:53:17.539Z] Finishing up request with event=pause {"metadata":{"emulator":{"name":"functions"},"function":{"name":"us-central1-add"},"extension":{},"message":"Finishing up request with event=pause"}}
[info] i  functions: Finished "us-central1-add" in 2.333021ms {"metadata":{"emulator":{"name":"functions"},"function":{"name":"us-central1-add"},"extension":{},"message":"Finished \"us-central1-add\" in 2.333021ms"}}
[debug] [2023-12-07T07:53:17.539Z] [worker-us-central1-add-372b0078-f005-4f0e-a55a-8c5dfb0922eb]: IDLE {"metadata":{"emulator":{"name":"functions"},"function":{"name":"us-central1-add"},"extension":{},"message":"[worker-us-central1-add-372b0078-f005-4f0e-a55a-8c5dfb0922eb]: IDLE"}}
[debug] [2023-12-07T07:53:17.539Z] Finishing up request with event=finish {"metadata":{"emulator":{"name":"functions"},"function":{"name":"us-central1-add"},"extension":{},"message":"Finishing up request with event=finish"}}
[debug] [2023-12-07T07:53:17.539Z] Finishing up request with event=close {"metadata":{"emulator":{"name":"functions"},"function":{"name":"us-central1-add"},"extension":{},"message":"Finishing up request with event=close"}}
[debug] [2023-12-07T07:53:17.539Z] [work-queue] {"queuedWork":[],"queueLength":0,"runningWork":[],"workRunningCount":0}
[debug] [2023-12-07T07:53:17.542Z] [work-queue] {"queuedWork":["/calculator-49ac2/us-central1/add-2023-12-07T07:53:17.542Z"],"queueLength":1,"runningWork":[],"workRunningCount":0}
[debug] [2023-12-07T07:53:17.542Z] [work-queue] {"queuedWork":[],"queueLength":0,"runningWork":["/calculator-49ac2/us-central1/add-2023-12-07T07:53:17.542Z"],"workRunningCount":1}
[debug] [2023-12-07T07:53:17.542Z] Accepted request POST /calculator-49ac2/us-central1/add --> us-central1-add
[debug] [2023-12-07T07:53:17.543Z] [functions] Runtime ready! Sending request! {"metadata":{"emulator":{"name":"functions"},"message":"[functions] Runtime ready! Sending request!"}}
[debug] [2023-12-07T07:53:17.543Z] [functions] Got req.url=/calculator-49ac2/us-central1/add, mapping to path=/ {"metadata":{"emulator":{"name":"functions"},"message":"[functions] Got req.url=/calculator-49ac2/us-central1/add, mapping to path=/"}}
[debug] [2023-12-07T07:53:17.543Z] [worker-pool] submitRequest(triggerId=us-central1-add) {"metadata":{"emulator":{"name":"functions"},"message":"[worker-pool] submitRequest(triggerId=us-central1-add)"}}
[info] i  functions: Beginning execution of "us-central1-add" {"metadata":{"emulator":{"name":"functions"},"function":{"name":"us-central1-add"},"extension":{},"message":"Beginning execution of \"us-central1-add\""}}
[debug] [2023-12-07T07:53:17.544Z] [worker-us-central1-add-372b0078-f005-4f0e-a55a-8c5dfb0922eb]: BUSY {"metadata":{"emulator":{"name":"functions"},"function":{"name":"us-central1-add"},"extension":{},"message":"[worker-us-central1-add-372b0078-f005-4f0e-a55a-8c5dfb0922eb]: BUSY"}}
[info] >  from is  USD {"user":"from is  USD","metadata":{"emulator":{"name":"functions"},"function":{"name":"us-central1-add"},"extension":{},"message":"\u001b[90m> \u001b[39m from is  USD"}}
[info] >  to is  EUR {"user":"to is  EUR","metadata":{"emulator":{"name":"functions"},"function":{"name":"us-central1-add"},"extension":{},"message":"\u001b[90m> \u001b[39m to is  EUR"}}
[info] >  rate is  0.92641675 {"user":"rate is  0.92641675","metadata":{"emulator":{"name":"functions"},"function":{"name":"us-central1-add"},"extension":{},"message":"\u001b[90m> \u001b[39m rate is  0.92641675"}}
[debug] [2023-12-07T07:53:17.549Z] Finishing up request with event=pause {"metadata":{"emulator":{"name":"functions"},"function":{"name":"us-central1-add"},"extension":{},"message":"Finishing up request with event=pause"}}
[info] i  functions: Finished "us-central1-add" in 5.122348ms {"metadata":{"emulator":{"name":"functions"},"function":{"name":"us-central1-add"},"extension":{},"message":"Finished \"us-central1-add\" in 5.122348ms"}}
[debug] [2023-12-07T07:53:17.549Z] [worker-us-central1-add-372b0078-f005-4f0e-a55a-8c5dfb0922eb]: IDLE {"metadata":{"emulator":{"name":"functions"},"function":{"name":"us-central1-add"},"extension":{},"message":"[worker-us-central1-add-372b0078-f005-4f0e-a55a-8c5dfb0922eb]: IDLE"}}
[debug] [2023-12-07T07:53:17.549Z] Finishing up request with event=finish {"metadata":{"emulator":{"name":"functions"},"function":{"name":"us-central1-add"},"extension":{},"message":"Finishing up request with event=finish"}}
[debug] [2023-12-07T07:53:17.549Z] Finishing up request with event=close {"metadata":{"emulator":{"name":"functions"},"function":{"name":"us-central1-add"},"extension":{},"message":"Finishing up request with event=close"}}
[debug] [2023-12-07T07:53:17.549Z] [work-queue] {"queuedWork":[],"queueLength":0,"runningWork":[],"workRunningCount":0}
[debug] [2023-12-07T07:54:24.274Z] [work-queue] {"queuedWork":["/calculator-49ac2/us-central1/divide-2023-12-07T07:54:24.274Z"],"queueLength":1,"runningWork":[],"workRunningCount":0}
[debug] [2023-12-07T07:54:24.274Z] [work-queue] {"queuedWork":[],"queueLength":0,"runningWork":["/calculator-49ac2/us-central1/divide-2023-12-07T07:54:24.274Z"],"workRunningCount":1}
[debug] [2023-12-07T07:54:24.275Z] Accepted request OPTIONS /calculator-49ac2/us-central1/divide --> us-central1-divide
[debug] [2023-12-07T07:54:24.276Z] [functions] Runtime ready! Sending request! {"metadata":{"emulator":{"name":"functions"},"message":"[functions] Runtime ready! Sending request!"}}
[debug] [2023-12-07T07:54:24.276Z] [functions] Got req.url=/calculator-49ac2/us-central1/divide, mapping to path=/ {"metadata":{"emulator":{"name":"functions"},"message":"[functions] Got req.url=/calculator-49ac2/us-central1/divide, mapping to path=/"}}
[debug] [2023-12-07T07:54:24.289Z] [worker-pool] addWorker(us-central1-divide) {"metadata":{"emulator":{"name":"functions"},"message":"[worker-pool] addWorker(us-central1-divide)"}}
[debug] [2023-12-07T07:54:24.290Z] [worker-pool] Adding worker with key us-central1-divide, total=1 {"metadata":{"emulator":{"name":"functions"},"message":"[worker-pool] Adding worker with key us-central1-divide, total=1"}}
[debug] [2023-12-07T07:54:25.093Z] [runtime-status] [67043] Resolved module firebase-admin {"declared":true,"installed":true,"version":"11.11.1","resolution":"/home/bluebird/Test/calculator/functions/node_modules/firebase-admin/lib/index.js"} {"metadata":{"emulator":{"name":"functions"},"function":{"name":"us-central1-divide"},"extension":{},"message":"[runtime-status] [67043] Resolved module firebase-admin {\"declared\":true,\"installed\":true,\"version\":\"11.11.1\",\"resolution\":\"/home/bluebird/Test/calculator/functions/node_modules/firebase-admin/lib/index.js\"}"}}
[debug] [2023-12-07T07:54:25.094Z] [runtime-status] [67043] Resolved module firebase-functions {"declared":true,"installed":true,"version":"4.5.0","resolution":"/home/bluebird/Test/calculator/functions/node_modules/firebase-functions/lib/v1/index.js"} {"metadata":{"emulator":{"name":"functions"},"function":{"name":"us-central1-divide"},"extension":{},"message":"[runtime-status] [67043] Resolved module firebase-functions {\"declared\":true,\"installed\":true,\"version\":\"4.5.0\",\"resolution\":\"/home/bluebird/Test/calculator/functions/node_modules/firebase-functions/lib/v1/index.js\"}"}}
[debug] [2023-12-07T07:54:25.095Z] [runtime-status] [67043] Outgoing network have been stubbed. [{"name":"http","status":"mocked"},{"name":"http","status":"mocked"},{"name":"https","status":"mocked"},{"name":"https","status":"mocked"},{"name":"net","status":"mocked"}] {"metadata":{"emulator":{"name":"functions"},"function":{"name":"us-central1-divide"},"extension":{},"message":"[runtime-status] [67043] Outgoing network have been stubbed. [{\"name\":\"http\",\"status\":\"mocked\"},{\"name\":\"http\",\"status\":\"mocked\"},{\"name\":\"https\",\"status\":\"mocked\"},{\"name\":\"https\",\"status\":\"mocked\"},{\"name\":\"net\",\"status\":\"mocked\"}]"}}
[debug] [2023-12-07T07:54:25.096Z] [runtime-status] [67043] Resolved module firebase-functions {"declared":true,"installed":true,"version":"4.5.0","resolution":"/home/bluebird/Test/calculator/functions/node_modules/firebase-functions/lib/v1/index.js"} {"metadata":{"emulator":{"name":"functions"},"function":{"name":"us-central1-divide"},"extension":{},"message":"[runtime-status] [67043] Resolved module firebase-functions {\"declared\":true,\"installed\":true,\"version\":\"4.5.0\",\"resolution\":\"/home/bluebird/Test/calculator/functions/node_modules/firebase-functions/lib/v1/index.js\"}"}}
[debug] [2023-12-07T07:54:25.258Z] [runtime-status] [67043] Checked functions.config() {"config":{}} {"metadata":{"emulator":{"name":"functions"},"function":{"name":"us-central1-divide"},"extension":{},"message":"[runtime-status] [67043] Checked functions.config() {\"config\":{}}"}}
[debug] [2023-12-07T07:54:25.258Z] [runtime-status] [67043] firebase-functions has been stubbed. {"functionsResolution":{"declared":true,"installed":true,"version":"4.5.0","resolution":"/home/bluebird/Test/calculator/functions/node_modules/firebase-functions/lib/v1/index.js"}} {"metadata":{"emulator":{"name":"functions"},"function":{"name":"us-central1-divide"},"extension":{},"message":"[runtime-status] [67043] firebase-functions has been stubbed. {\"functionsResolution\":{\"declared\":true,\"installed\":true,\"version\":\"4.5.0\",\"resolution\":\"/home/bluebird/Test/calculator/functions/node_modules/firebase-functions/lib/v1/index.js\"}}"}}
[debug] [2023-12-07T07:54:25.259Z] [runtime-status] [67043] Resolved module firebase-functions {"declared":true,"installed":true,"version":"4.5.0","resolution":"/home/bluebird/Test/calculator/functions/node_modules/firebase-functions/lib/v1/index.js"} {"metadata":{"emulator":{"name":"functions"},"function":{"name":"us-central1-divide"},"extension":{},"message":"[runtime-status] [67043] Resolved module firebase-functions {\"declared\":true,\"installed\":true,\"version\":\"4.5.0\",\"resolution\":\"/home/bluebird/Test/calculator/functions/node_modules/firebase-functions/lib/v1/index.js\"}"}}
[debug] [2023-12-07T07:54:25.260Z] [runtime-status] [67043] Resolved module firebase-admin {"declared":true,"installed":true,"version":"11.11.1","resolution":"/home/bluebird/Test/calculator/functions/node_modules/firebase-admin/lib/index.js"} {"metadata":{"emulator":{"name":"functions"},"function":{"name":"us-central1-divide"},"extension":{},"message":"[runtime-status] [67043] Resolved module firebase-admin {\"declared\":true,\"installed\":true,\"version\":\"11.11.1\",\"resolution\":\"/home/bluebird/Test/calculator/functions/node_modules/firebase-admin/lib/index.js\"}"}}
[debug] [2023-12-07T07:54:25.262Z] [runtime-status] [67043] Resolved module firebase-functions {"declared":true,"installed":true,"version":"4.5.0","resolution":"/home/bluebird/Test/calculator/functions/node_modules/firebase-functions/lib/v1/index.js"} {"metadata":{"emulator":{"name":"functions"},"function":{"name":"us-central1-divide"},"extension":{},"message":"[runtime-status] [67043] Resolved module firebase-functions {\"declared\":true,\"installed\":true,\"version\":\"4.5.0\",\"resolution\":\"/home/bluebird/Test/calculator/functions/node_modules/firebase-functions/lib/v1/index.js\"}"}}
[debug] [2023-12-07T07:54:25.262Z] [runtime-status] [67043] firebase-admin has been stubbed. {"adminResolution":{"declared":true,"installed":true,"version":"11.11.1","resolution":"/home/bluebird/Test/calculator/functions/node_modules/firebase-admin/lib/index.js"}} {"metadata":{"emulator":{"name":"functions"},"function":{"name":"us-central1-divide"},"extension":{},"message":"[runtime-status] [67043] firebase-admin has been stubbed. {\"adminResolution\":{\"declared\":true,\"installed\":true,\"version\":\"11.11.1\",\"resolution\":\"/home/bluebird/Test/calculator/functions/node_modules/firebase-admin/lib/index.js\"}}"}}
[debug] [2023-12-07T07:54:25.276Z] [runtime-status] [67043] Functions runtime initialized. {"cwd":"/home/bluebird/Test/calculator/functions","node_version":"16.19.1"} {"metadata":{"emulator":{"name":"functions"},"function":{"name":"us-central1-divide"},"extension":{},"message":"[runtime-status] [67043] Functions runtime initialized. {\"cwd\":\"/home/bluebird/Test/calculator/functions\",\"node_version\":\"16.19.1\"}"}}
[debug] [2023-12-07T07:54:25.277Z] [runtime-status] [67043] Listening to port: /tmp/fire_emu_967ec0697fa52031.sock {"metadata":{"emulator":{"name":"functions"},"function":{"name":"us-central1-divide"},"extension":{},"message":"[runtime-status] [67043] Listening to port: /tmp/fire_emu_967ec0697fa52031.sock"}}
[debug] [2023-12-07T07:54:25.308Z] [worker-us-central1-divide-3dabbe6d-78de-449c-8046-2af22ef71c7e]: IDLE {"metadata":{"emulator":{"name":"functions"},"function":{"name":"us-central1-divide"},"extension":{},"message":"[worker-us-central1-divide-3dabbe6d-78de-449c-8046-2af22ef71c7e]: IDLE"}}
[debug] [2023-12-07T07:54:25.308Z] [worker-pool] submitRequest(triggerId=us-central1-divide) {"metadata":{"emulator":{"name":"functions"},"message":"[worker-pool] submitRequest(triggerId=us-central1-divide)"}}
[info] i  functions: Beginning execution of "us-central1-divide" {"metadata":{"emulator":{"name":"functions"},"function":{"name":"us-central1-divide"},"extension":{},"message":"Beginning execution of \"us-central1-divide\""}}
[debug] [2023-12-07T07:54:25.308Z] [worker-us-central1-divide-3dabbe6d-78de-449c-8046-2af22ef71c7e]: BUSY {"metadata":{"emulator":{"name":"functions"},"function":{"name":"us-central1-divide"},"extension":{},"message":"[worker-us-central1-divide-3dabbe6d-78de-449c-8046-2af22ef71c7e]: BUSY"}}
[debug] [2023-12-07T07:54:25.312Z] Finishing up request with event=pause {"metadata":{"emulator":{"name":"functions"},"function":{"name":"us-central1-divide"},"extension":{},"message":"Finishing up request with event=pause"}}
[info] i  functions: Finished "us-central1-divide" in 4.230907ms {"metadata":{"emulator":{"name":"functions"},"function":{"name":"us-central1-divide"},"extension":{},"message":"Finished \"us-central1-divide\" in 4.230907ms"}}
[debug] [2023-12-07T07:54:25.313Z] [worker-us-central1-divide-3dabbe6d-78de-449c-8046-2af22ef71c7e]: IDLE {"metadata":{"emulator":{"name":"functions"},"function":{"name":"us-central1-divide"},"extension":{},"message":"[worker-us-central1-divide-3dabbe6d-78de-449c-8046-2af22ef71c7e]: IDLE"}}
[debug] [2023-12-07T07:54:25.313Z] Finishing up request with event=finish {"metadata":{"emulator":{"name":"functions"},"function":{"name":"us-central1-divide"},"extension":{},"message":"Finishing up request with event=finish"}}
[debug] [2023-12-07T07:54:25.313Z] Finishing up request with event=close {"metadata":{"emulator":{"name":"functions"},"function":{"name":"us-central1-divide"},"extension":{},"message":"Finishing up request with event=close"}}
[debug] [2023-12-07T07:54:25.313Z] [work-queue] {"queuedWork":[],"queueLength":0,"runningWork":[],"workRunningCount":0}
[debug] [2023-12-07T07:54:25.317Z] [work-queue] {"queuedWork":["/calculator-49ac2/us-central1/divide-2023-12-07T07:54:25.317Z"],"queueLength":1,"runningWork":[],"workRunningCount":0}
[debug] [2023-12-07T07:54:25.317Z] [work-queue] {"queuedWork":[],"queueLength":0,"runningWork":["/calculator-49ac2/us-central1/divide-2023-12-07T07:54:25.317Z"],"workRunningCount":1}
[debug] [2023-12-07T07:54:25.317Z] Accepted request POST /calculator-49ac2/us-central1/divide --> us-central1-divide
[debug] [2023-12-07T07:54:25.318Z] [functions] Runtime ready! Sending request! {"metadata":{"emulator":{"name":"functions"},"message":"[functions] Runtime ready! Sending request!"}}
[debug] [2023-12-07T07:54:25.319Z] [functions] Got req.url=/calculator-49ac2/us-central1/divide, mapping to path=/ {"metadata":{"emulator":{"name":"functions"},"message":"[functions] Got req.url=/calculator-49ac2/us-central1/divide, mapping to path=/"}}
[debug] [2023-12-07T07:54:25.319Z] [worker-pool] submitRequest(triggerId=us-central1-divide) {"metadata":{"emulator":{"name":"functions"},"message":"[worker-pool] submitRequest(triggerId=us-central1-divide)"}}
[info] i  functions: Beginning execution of "us-central1-divide" {"metadata":{"emulator":{"name":"functions"},"function":{"name":"us-central1-divide"},"extension":{},"message":"Beginning execution of \"us-central1-divide\""}}
[debug] [2023-12-07T07:54:25.319Z] [worker-us-central1-divide-3dabbe6d-78de-449c-8046-2af22ef71c7e]: BUSY {"metadata":{"emulator":{"name":"functions"},"function":{"name":"us-central1-divide"},"extension":{},"message":"[worker-us-central1-divide-3dabbe6d-78de-449c-8046-2af22ef71c7e]: BUSY"}}
[info] >  from is  EUR {"user":"from is  EUR","metadata":{"emulator":{"name":"functions"},"function":{"name":"us-central1-divide"},"extension":{},"message":"\u001b[90m> \u001b[39m from is  EUR"}}
[info] >  to is  USD {"user":"to is  USD","metadata":{"emulator":{"name":"functions"},"function":{"name":"us-central1-divide"},"extension":{},"message":"\u001b[90m> \u001b[39m to is  USD"}}
[info] >  rate is  1.07942781 {"user":"rate is  1.07942781","metadata":{"emulator":{"name":"functions"},"function":{"name":"us-central1-divide"},"extension":{},"message":"\u001b[90m> \u001b[39m rate is  1.07942781"}}
[debug] [2023-12-07T07:54:25.335Z] Finishing up request with event=pause {"metadata":{"emulator":{"name":"functions"},"function":{"name":"us-central1-divide"},"extension":{},"message":"Finishing up request with event=pause"}}
[info] i  functions: Finished "us-central1-divide" in 15.612961ms {"metadata":{"emulator":{"name":"functions"},"function":{"name":"us-central1-divide"},"extension":{},"message":"Finished \"us-central1-divide\" in 15.612961ms"}}
[debug] [2023-12-07T07:54:25.335Z] [worker-us-central1-divide-3dabbe6d-78de-449c-8046-2af22ef71c7e]: IDLE {"metadata":{"emulator":{"name":"functions"},"function":{"name":"us-central1-divide"},"extension":{},"message":"[worker-us-central1-divide-3dabbe6d-78de-449c-8046-2af22ef71c7e]: IDLE"}}
[debug] [2023-12-07T07:54:25.335Z] Finishing up request with event=finish {"metadata":{"emulator":{"name":"functions"},"function":{"name":"us-central1-divide"},"extension":{},"message":"Finishing up request with event=finish"}}
[debug] [2023-12-07T07:54:25.335Z] Finishing up request with event=close {"metadata":{"emulator":{"name":"functions"},"function":{"name":"us-central1-divide"},"extension":{},"message":"Finishing up request with event=close"}}
[debug] [2023-12-07T07:54:25.335Z] [work-queue] {"queuedWork":[],"queueLength":0,"runningWork":[],"workRunningCount":0}
[debug] [2023-12-07T08:22:23.668Z] File /home/bluebird/Test/calculator/functions/src/index.ts changed, reloading triggers {"metadata":{"emulator":{"name":"functions"},"message":"File /home/bluebird/Test/calculator/functions/src/index.ts changed, reloading triggers"}}
[debug] [2023-12-07T08:22:24.670Z] Validating nodejs source
[debug] [2023-12-07T08:22:26.755Z] > [functions] package.json contents: {
  "name": "functions",
  "scripts": {
    "lint": "eslint --ext .js,.ts .",
    "build": "tsc",
    "build:watch": "tsc --watch",
    "serve": "npm run build && firebase emulators:start --only functions",
    "shell": "npm run build && firebase functions:shell",
    "start": "npm run shell",
    "deploy": "firebase deploy --only functions",
    "logs": "firebase functions:log"
  },
  "engines": {
    "node": "18"
  },
  "main": "lib/index.js",
  "dependencies": {
    "firebase-admin": "^11.8.0",
    "firebase-functions": "^4.3.1"
  },
  "devDependencies": {
    "@typescript-eslint/eslint-plugin": "^5.12.0",
    "@typescript-eslint/parser": "^5.12.0",
    "eslint": "^8.9.0",
    "eslint-config-google": "^0.14.0",
    "eslint-plugin-import": "^2.25.4",
    "firebase-functions-test": "^3.1.0",
    "typescript": "^4.9.0"
  },
  "private": true
}
[debug] [2023-12-07T08:22:26.755Z] Building nodejs source
[debug] [2023-12-07T08:22:26.755Z] Failed to find version of module node: reached end of search path /home/bluebird/Test/calculator/functions/node_modules
[warn] ⚠  functions: Your requested "node" version "18" doesn't match your global version "16". Using node@16 from host. 
[debug] [2023-12-07T08:22:26.756Z] Could not find functions.yaml. Must use http discovery
[debug] [2023-12-07T08:22:26.758Z] Found firebase-functions binary at '/home/bluebird/Test/calculator/functions/node_modules/.bin/firebase-functions'
[info] Serving at port 8024

[debug] [2023-12-07T08:22:27.025Z] Got response from /__/functions.yaml {"endpoints":{"add":{"availableMemoryMb":null,"timeoutSeconds":null,"minInstances":null,"maxInstances":null,"ingressSettings":null,"concurrency":null,"serviceAccountEmail":null,"vpc":null,"platform":"gcfv2","labels":{},"httpsTrigger":{},"entryPoint":"add"},"deduction":{"availableMemoryMb":null,"timeoutSeconds":null,"minInstances":null,"maxInstances":null,"ingressSettings":null,"concurrency":null,"serviceAccountEmail":null,"vpc":null,"platform":"gcfv2","labels":{},"httpsTrigger":{},"entryPoint":"deduction"},"multiply":{"availableMemoryMb":null,"timeoutSeconds":null,"minInstances":null,"maxInstances":null,"ingressSettings":null,"concurrency":null,"serviceAccountEmail":null,"vpc":null,"platform":"gcfv2","labels":{},"httpsTrigger":{},"entryPoint":"multiply"},"divide":{"availableMemoryMb":null,"timeoutSeconds":null,"minInstances":null,"maxInstances":null,"ingressSettings":null,"concurrency":null,"serviceAccountEmail":null,"vpc":null,"platform":"gcfv2","labels":{},"httpsTrigger":{},"entryPoint":"divide"}},"specVersion":"v1alpha1","requiredAPIs":[]}
[info] ✔  functions: Loaded functions definitions from source: add, deduction, multiply, divide. {"metadata":{"emulator":{"name":"functions"},"message":"Loaded functions definitions from source: add, deduction, multiply, divide."}}
[debug] [2023-12-07T08:22:27.042Z] [worker-pool] Shutting down IDLE worker (us-central1-add) {"metadata":{"emulator":{"name":"functions"},"message":"[worker-pool] Shutting down IDLE worker (us-central1-add)"}}
[debug] [2023-12-07T08:22:27.042Z] [worker-us-central1-add-372b0078-f005-4f0e-a55a-8c5dfb0922eb]: FINISHING {"metadata":{"emulator":{"name":"functions"},"function":{"name":"us-central1-add"},"extension":{},"message":"[worker-us-central1-add-372b0078-f005-4f0e-a55a-8c5dfb0922eb]: FINISHING"}}
[debug] [2023-12-07T08:22:27.042Z] [worker-pool] Shutting down IDLE worker (us-central1-deduction) {"metadata":{"emulator":{"name":"functions"},"message":"[worker-pool] Shutting down IDLE worker (us-central1-deduction)"}}
[debug] [2023-12-07T08:22:27.042Z] [worker-us-central1-deduction-a50335c4-3c18-48b4-97f5-c0a8bbf9c9e7]: FINISHING {"metadata":{"emulator":{"name":"functions"},"function":{"name":"us-central1-deduction"},"extension":{},"message":"[worker-us-central1-deduction-a50335c4-3c18-48b4-97f5-c0a8bbf9c9e7]: FINISHING"}}
[debug] [2023-12-07T08:22:27.042Z] [worker-pool] Shutting down IDLE worker (us-central1-multiply) {"metadata":{"emulator":{"name":"functions"},"message":"[worker-pool] Shutting down IDLE worker (us-central1-multiply)"}}
[debug] [2023-12-07T08:22:27.042Z] [worker-us-central1-multiply-b9794074-87c8-481a-9b35-12a2c295b7e0]: FINISHING {"metadata":{"emulator":{"name":"functions"},"function":{"name":"us-central1-multiply"},"extension":{},"message":"[worker-us-central1-multiply-b9794074-87c8-481a-9b35-12a2c295b7e0]: FINISHING"}}
[debug] [2023-12-07T08:22:27.042Z] [worker-pool] Shutting down IDLE worker (us-central1-divide) {"metadata":{"emulator":{"name":"functions"},"message":"[worker-pool] Shutting down IDLE worker (us-central1-divide)"}}
[debug] [2023-12-07T08:22:27.042Z] [worker-us-central1-divide-3dabbe6d-78de-449c-8046-2af22ef71c7e]: FINISHING {"metadata":{"emulator":{"name":"functions"},"function":{"name":"us-central1-divide"},"extension":{},"message":"[worker-us-central1-divide-3dabbe6d-78de-449c-8046-2af22ef71c7e]: FINISHING"}}
[debug] [2023-12-07T08:22:27.048Z] [worker-us-central1-divide-3dabbe6d-78de-449c-8046-2af22ef71c7e]: exited {"metadata":{"emulator":{"name":"functions"},"function":{"name":"us-central1-divide"},"extension":{},"message":"[worker-us-central1-divide-3dabbe6d-78de-449c-8046-2af22ef71c7e]: exited"}}
[debug] [2023-12-07T08:22:27.048Z] [worker-us-central1-divide-3dabbe6d-78de-449c-8046-2af22ef71c7e]: FINISHED {"metadata":{"emulator":{"name":"functions"},"function":{"name":"us-central1-divide"},"extension":{},"message":"[worker-us-central1-divide-3dabbe6d-78de-449c-8046-2af22ef71c7e]: FINISHED"}}
[debug] [2023-12-07T08:22:27.049Z] [worker-us-central1-add-372b0078-f005-4f0e-a55a-8c5dfb0922eb]: exited {"metadata":{"emulator":{"name":"functions"},"function":{"name":"us-central1-add"},"extension":{},"message":"[worker-us-central1-add-372b0078-f005-4f0e-a55a-8c5dfb0922eb]: exited"}}
[debug] [2023-12-07T08:22:27.050Z] [worker-us-central1-add-372b0078-f005-4f0e-a55a-8c5dfb0922eb]: FINISHED {"metadata":{"emulator":{"name":"functions"},"function":{"name":"us-central1-add"},"extension":{},"message":"[worker-us-central1-add-372b0078-f005-4f0e-a55a-8c5dfb0922eb]: FINISHED"}}
[debug] [2023-12-07T08:22:27.053Z] [worker-us-central1-deduction-a50335c4-3c18-48b4-97f5-c0a8bbf9c9e7]: exited {"metadata":{"emulator":{"name":"functions"},"function":{"name":"us-central1-deduction"},"extension":{},"message":"[worker-us-central1-deduction-a50335c4-3c18-48b4-97f5-c0a8bbf9c9e7]: exited"}}
[debug] [2023-12-07T08:22:27.053Z] [worker-us-central1-deduction-a50335c4-3c18-48b4-97f5-c0a8bbf9c9e7]: FINISHED {"metadata":{"emulator":{"name":"functions"},"function":{"name":"us-central1-deduction"},"extension":{},"message":"[worker-us-central1-deduction-a50335c4-3c18-48b4-97f5-c0a8bbf9c9e7]: FINISHED"}}
[debug] [2023-12-07T08:22:27.053Z] [worker-us-central1-multiply-b9794074-87c8-481a-9b35-12a2c295b7e0]: exited {"metadata":{"emulator":{"name":"functions"},"function":{"name":"us-central1-multiply"},"extension":{},"message":"[worker-us-central1-multiply-b9794074-87c8-481a-9b35-12a2c295b7e0]: exited"}}
[debug] [2023-12-07T08:22:27.053Z] [worker-us-central1-multiply-b9794074-87c8-481a-9b35-12a2c295b7e0]: FINISHED {"metadata":{"emulator":{"name":"functions"},"function":{"name":"us-central1-multiply"},"extension":{},"message":"[worker-us-central1-multiply-b9794074-87c8-481a-9b35-12a2c295b7e0]: FINISHED"}}
